【登录信息】
*cc576a32534bd10cf11966175ba8340d*
`登陆天数: 100天 / 1362天
等级: 131
石头: 1880
呼符: 0
体力: 88.18666666666667 / 138
友情点: 20 / 27168890`
*連続ログイン2日目
※ログインが途切れるか、7日到達すると
1日目から再開されます*
`聖晶石 X 1
8月交換券(2023) X 1
`*サーヴァント・サマー・フェスティバル2023！開幕記念 ログインボーナス*
*開催期間中、1日1回 最大21回ログインボーナスをプレゼント！*
`白銀の果実 X 1
`_2023-08-26 19:32:04_
--------
*338b52c4b212333e75bad46a0955b9ed*
`登陆天数: 15天 / 1361天
等级: 129
石头: 2824
呼符: 0
体力: 438.46 / 138
友情点: 848570 / 30656295`
*連続ログイン1日目
※ログインが途切れるか、7日到達すると
1日目から再開されます*
`フレンドポイント X 2000
8月交換券(2023) X 1
`*サーヴァント・サマー・フェスティバル2023！開幕記念 ログインボーナス*
*開催期間中、1日1回 最大21回ログインボーナスをプレゼント！*
`白銀の果実 X 1
`_2023-08-26 19:32:13_
--------
