【登录信息】
*cc576a32534bd10cf11966175ba8340d*
`登陆天数: 101天 / 1363天
等级: 131
石头: 1881
呼符: 0
体力: 88.33333333333334 / 138
友情点: 75 / 27169585`
*連続ログイン3日目
※ログインが途切れるか、7日到達すると
1日目から再開されます*
`叡智の業火 X 1
8月交換券(2023) X 1
`*サーヴァント・サマー・フェスティバル2023！開幕記念 ログインボーナス*
*開催期間中、1日1回 最大21回ログインボーナスをプレゼント！*
`白銀の果実 X 1
`_2023-08-27 19:32:02_
--------
*338b52c4b212333e75bad46a0955b9ed*
`登陆天数: 16天 / 1362天
等级: 129
石头: 2824
呼符: 0
体力: 726.45 / 138
友情点: 1771710 / 32428005`
*連続ログイン2日目
※ログインが途切れるか、7日到達すると
1日目から再開されます*
`聖晶石 X 1
8月交換券(2023) X 1
`*サーヴァント・サマー・フェスティバル2023！開幕記念 ログインボーナス*
*開催期間中、1日1回 最大21回ログインボーナスをプレゼント！*
`白銀の果実 X 1
`_2023-08-27 19:32:10_
--------
