【登录信息】
*cc576a32534bd10cf11966175ba8340d*
`登陆天数: 102天 / 1364天
等级: 131
石头: 1881
呼符: 0
体力: 73.02333333333333 / 138
友情点: 170 / 27170410`
*連続ログイン4日目
※ログインが途切れるか、7日到達すると
1日目から再開されます*
`聖晶石 X 1
8月交換券(2023) X 1
`*サーヴァント・サマー・フェスティバル2023！開幕記念 ログインボーナス*
*開催期間中、1日1回 最大21回ログインボーナスをプレゼント！*
`白銀の果実 X 1
`_2023-08-28 19:32:17_
--------
*338b52c4b212333e75bad46a0955b9ed*
`登陆天数: 17天 / 1363天
等级: 129
石头: 2824
呼符: 0
体力: 1014.5 / 138
友情点: 1658300 / 34086305`
*連続ログイン3日目
※ログインが途切れるか、7日到達すると
1日目から再開されます*
`叡智の業火 X 1
8月交換券(2023) X 1
`*サーヴァント・サマー・フェスティバル2023！開幕記念 ログインボーナス*
*開催期間中、1日1回 最大21回ログインボーナスをプレゼント！*
`白銀の果実 X 1
`_2023-08-28 19:32:25_
--------
