【登录信息】
*cc576a32534bd10cf11966175ba8340d*
`登陆天数: 103天 / 1365天
等级: 131
石头: 1884
呼符: 0
体力: 105.00999999999999 / 138
友情点: 315 / 27171720`
*連続ログイン5日目
※ログインが途切れるか、7日到達すると
1日目から再開されます*
`叡智の業火 X 2
8月交換券(2023) X 1
`*サーヴァント・サマー・フェスティバル2023！開幕記念 ログインボーナス*
*開催期間中、1日1回 最大21回ログインボーナスをプレゼント！*
`白銀の果実 X 1
`_2023-08-29 19:32:08_
--------
*338b52c4b212333e75bad46a0955b9ed*
`登陆天数: 18天 / 1364天
等级: 129
石头: 2824
呼符: 0
体力: 1302.4733333333334 / 138
友情点: 1657590 / 35743895`
*連続ログイン4日目
※ログインが途切れるか、7日到達すると
1日目から再開されます*
`聖晶石 X 1
8月交換券(2023) X 1
`*サーヴァント・サマー・フェスティバル2023！開幕記念 ログインボーナス*
*開催期間中、1日1回 最大21回ログインボーナスをプレゼント！*
`白銀の果実 X 1
`_2023-08-29 19:32:17_
--------
