【登录信息】
*cc576a32534bd10cf11966175ba8340d*
`登陆天数: 79天 / 1508天
等级: 134
石头: 1516
呼符: 0
体力: 59685.50666666667 / 139
友情点: 0 / 37508435`
*連続ログイン2日目
※ログインが途切れるか、7日到達すると
1日目から再開されます*
`聖晶石 X 1
8月交換券(2024) X 1
`*使用期限付コンティニューアイテムプレゼント！*
*開催期間中、1日1回 最大7回 コンティニューアイテム「霊脈石」をプレゼント！*
`霊脈石 X 1
`_2024-08-01 19:35:42_
--------
*338b52c4b212333e75bad46a0955b9ed*
`登陆天数: 79天 / 1500天
等级: 129
石头: 2824
呼符: 0
体力: 98647.18333333333 / 138
友情点: 0 / 51415750`
*連続ログイン2日目
※ログインが途切れるか、7日到達すると
1日目から再開されます*
`聖晶石 X 1
8月交換券(2024) X 1
`*使用期限付コンティニューアイテムプレゼント！*
*開催期間中、1日1回 最大7回 コンティニューアイテム「霊脈石」をプレゼント！*
`霊脈石 X 1
`_2024-08-01 19:35:50_
--------
