【登录信息】
*cc576a32534bd10cf11966175ba8340d*
`登陆天数: 82天 / 1511天
等级: 134
石头: 1671
呼符: 0
体力: 60549.33666666667 / 139
友情点: 0 / 37546435`
*連続ログイン5日目
※ログインが途切れるか、7日到達すると
1日目から再開されます*
`叡智の業火 X 2
8月交換券(2024) X 1
`*「FGO Expo ～Fate/Grand Order Fes. 2024 9th Anniversary～」配信番組連動キャンペーン報酬プレゼント*
*開催期間中、初回ログインで「聖晶石×100」をプレゼント！*
`聖晶石 X 100
`_2024-08-04 19:34:51_
--------
*338b52c4b212333e75bad46a0955b9ed*
`登陆天数: 82天 / 1503天
等级: 129
石头: 2824
呼符: 0
体力: 99511.01333333334 / 138
友情点: 0 / 51415750`
*連続ログイン5日目
※ログインが途切れるか、7日到達すると
1日目から再開されます*
`叡智の業火 X 2
8月交換券(2024) X 1
`*「FGO Expo ～Fate/Grand Order Fes. 2024 9th Anniversary～」配信番組連動キャンペーン報酬プレゼント*
*開催期間中、初回ログインで「聖晶石×100」をプレゼント！*
`聖晶石 X 100
`_2024-08-04 19:34:59_
--------
