【登录信息】
*cc576a32534bd10cf11966175ba8340d*
`登陆天数: 83天 / 1512天
等级: 134
石头: 1771
呼符: 0
体力: 60837.37 / 139
友情点: 0 / 37546435`
*連続ログイン6日目
※ログインが途切れるか、7日到達すると
1日目から再開されます*
`聖晶石 X 2
8月交換券(2024) X 1
`*9周年記念特別回数ログインボーナス*
*開催期間中、1日1回 最大10回 回数ログインボーナスをプレゼント！*
`QP X 3000000
フレンドポイント X 100000
獣の足跡 X 3
`_2024-08-05 19:35:01_
--------
*338b52c4b212333e75bad46a0955b9ed*
`登陆天数: 83天 / 1504天
等级: 129
石头: 2824
呼符: 0
体力: 99799.04666666666 / 138
友情点: 0 / 51415750`
*連続ログイン6日目
※ログインが途切れるか、7日到達すると
1日目から再開されます*
`聖晶石 X 2
8月交換券(2024) X 1
`*9周年記念特別回数ログインボーナス*
*開催期間中、1日1回 最大10回 回数ログインボーナスをプレゼント！*
`QP X 3000000
フレンドポイント X 100000
獣の足跡 X 3
`_2024-08-05 19:35:09_
--------
