【登录信息】
*cc576a32534bd10cf11966175ba8340d*
`登陆天数: 84天 / 1513天
等级: 134
石头: 1897
呼符: 0
体力: 142.24666666666667 / 139
友情点: 25 / 37646670`
*連続ログイン7日間到達おめでとうございます！
明日は1日目からリスタートされます。*
`獣の足跡 X 1
呼符 X 1
8月交換券(2024) X 1
`*ショートアニメ「FGO 藤丸立香はわからない」Season2公開記念 特別ログインボーナス*
*開催期間中、初回ログインで「限定概念礼装×1」をプレゼント！*
`「FGO 藤丸立香はわからない」Season2 X 1
`_2024-08-06 19:35:23_
--------
*338b52c4b212333e75bad46a0955b9ed*
`登陆天数: 84天 / 1505天
等级: 129
石头: 2824
呼符: 0
体力: 100087.12 / 138
友情点: 0 / 51415750`
*連続ログイン7日間到達おめでとうございます！
明日は1日目からリスタートされます。*
`獣の足跡 X 1
呼符 X 1
8月交換券(2024) X 1
`*ショートアニメ「FGO 藤丸立香はわからない」Season2公開記念 特別ログインボーナス*
*開催期間中、初回ログインで「限定概念礼装×1」をプレゼント！*
`「FGO 藤丸立香はわからない」Season2 X 1
`_2024-08-06 19:35:32_
--------
