【登录信息】
*cc576a32534bd10cf11966175ba8340d*
`登陆天数: 85天 / 1514天
等级: 134
石头: 1940
呼符: 1
体力: 93.89333333333333 / 139
友情点: 10 / 37647155`
*連続ログイン1日目
※ログインが途切れるか、7日到達すると
1日目から再開されます*
`フレンドポイント X 2000
8月交換券(2024) X 1
`*「水着イベント2024」開幕直前カウントダウンログインボーナス*
*開催期間中、1日1回 7日間日替わりでログインボーナスをプレゼント！*
`叡智の業火 X 10
`_2024-08-07 19:35:20_
--------
*338b52c4b212333e75bad46a0955b9ed*
`登陆天数: 85天 / 1506天
等级: 129
石头: 2824
呼符: 0
体力: 100375.11 / 138
友情点: 0 / 51415750`
*連続ログイン1日目
※ログインが途切れるか、7日到達すると
1日目から再開されます*
`フレンドポイント X 2000
8月交換券(2024) X 1
`*「水着イベント2024」開幕直前カウントダウンログインボーナス*
*開催期間中、1日1回 7日間日替わりでログインボーナスをプレゼント！*
`叡智の業火 X 10
`_2024-08-07 19:35:28_
--------
