【登录信息】
*cc576a32534bd10cf11966175ba8340d*
`登陆天数: 87天 / 1516天
等级: 134
石头: 1940
呼符: 1
体力: 669.8933333333333 / 139
友情点: 20 / 37647175`
*連続ログイン3日目
※ログインが途切れるか、7日到達すると
1日目から再開されます*
`叡智の業火 X 1
8月交換券(2024) X 1
`*リリース3300日突破キャンペーン 初回ログインボーナス*
*開催期間中、初回ログインで「聖晶石×10」をプレゼント！*
`聖晶石 X 10
`_2024-08-09 19:35:20_
--------
*338b52c4b212333e75bad46a0955b9ed*
`登陆天数: 87天 / 1508天
等级: 129
石头: 2824
呼符: 0
体力: 100951.10666666667 / 138
友情点: 0 / 51415750`
*連続ログイン3日目
※ログインが途切れるか、7日到達すると
1日目から再開されます*
`叡智の業火 X 1
8月交換券(2024) X 1
`*リリース3300日突破キャンペーン 初回ログインボーナス*
*開催期間中、初回ログインで「聖晶石×10」をプレゼント！*
`聖晶石 X 10
`_2024-08-09 19:35:28_
--------
