【登录信息】
*cc576a32534bd10cf11966175ba8340d*
`登陆天数: 88天 / 1517天
等级: 134
石头: 1940
呼符: 1
体力: 957.7533333333333 / 139
友情点: 0 / 37647175`
*連続ログイン4日目
※ログインが途切れるか、7日到達すると
1日目から再開されます*
`聖晶石 X 1
8月交換券(2024) X 1
`*「水着イベント2024」開幕直前カウントダウンログインボーナス*
*開催期間中、1日1回 7日間日替わりでログインボーナスをプレゼント！*
`黄金の果実 X 1
`_2024-08-10 19:34:38_
--------
*338b52c4b212333e75bad46a0955b9ed*
`登陆天数: 88天 / 1509天
等级: 129
石头: 2824
呼符: 0
体力: 101238.97333333333 / 138
友情点: 0 / 51415750`
*連続ログイン4日目
※ログインが途切れるか、7日到達すると
1日目から再開されます*
`聖晶石 X 1
8月交換券(2024) X 1
`*「水着イベント2024」開幕直前カウントダウンログインボーナス*
*開催期間中、1日1回 7日間日替わりでログインボーナスをプレゼント！*
`黄金の果実 X 1
`_2024-08-10 19:34:47_
--------
