【登录信息】
*cc576a32534bd10cf11966175ba8340d*
`登陆天数: 89天 / 1518天
等级: 134
石头: 1953
呼符: 11
体力: 1245.8833333333334 / 139
友情点: 0 / 37649175`
*連続ログイン5日目
※ログインが途切れるか、7日到達すると
1日目から再開されます*
`叡智の業火 X 2
8月交換券(2024) X 1
`*「水着イベント2024」開幕直前カウントダウンログインボーナス*
*開催期間中、1日1回 7日間日替わりでログインボーナスをプレゼント！*
`英霊結晶・太陽のフォウくん X 10
`_2024-08-11 19:35:18_
--------
*338b52c4b212333e75bad46a0955b9ed*
`登陆天数: 89天 / 1510天
等级: 129
石头: 2824
呼符: 0
体力: 101527.1 / 138
友情点: 0 / 51415750`
*連続ログイン5日目
※ログインが途切れるか、7日到達すると
1日目から再開されます*
`叡智の業火 X 2
8月交換券(2024) X 1
`*「水着イベント2024」開幕直前カウントダウンログインボーナス*
*開催期間中、1日1回 7日間日替わりでログインボーナスをプレゼント！*
`英霊結晶・太陽のフォウくん X 10
`_2024-08-11 19:35:26_
--------
