【登录信息】
*cc576a32534bd10cf11966175ba8340d*
`登陆天数: 90天 / 1519天
等级: 134
石头: 1953
呼符: 11
体力: 1533.84 / 139
友情点: 0 / 37649175`
*連続ログイン6日目
※ログインが途切れるか、7日到達すると
1日目から再開されます*
`聖晶石 X 2
8月交換券(2024) X 1
`*「水着イベント2024」開幕直前カウントダウンログインボーナス*
*開催期間中、1日1回 7日間日替わりでログインボーナスをプレゼント！*
`黄金の果実 X 1
`_2024-08-12 19:35:04_
--------
*338b52c4b212333e75bad46a0955b9ed*
`登陆天数: 90天 / 1511天
等级: 129
石头: 2824
呼符: 0
体力: 101815.05333333333 / 138
友情点: 0 / 51415750`
*連続ログイン6日目
※ログインが途切れるか、7日到達すると
1日目から再開されます*
`聖晶石 X 2
8月交換券(2024) X 1
`*「水着イベント2024」開幕直前カウントダウンログインボーナス*
*開催期間中、1日1回 7日間日替わりでログインボーナスをプレゼント！*
`黄金の果実 X 1
`_2024-08-12 19:35:12_
--------
