【登录信息】
*cc576a32534bd10cf11966175ba8340d*
`登陆天数: 91天 / 1520天
等级: 134
石头: 1972
呼符: 12
体力: 131.79666666666668 / 139
友情点: 0 / 37650900`
*連続ログイン7日間到達おめでとうございます！
明日は1日目からリスタートされます。*
`獣の足跡 X 1
呼符 X 1
8月交換券(2024) X 1
`*「水着イベント2024」開幕直前カウントダウンログインボーナス*
*開催期間中、1日1回 7日間日替わりでログインボーナスをプレゼント！*
`獣の足跡 X 1
`_2024-08-13 19:35:04_
--------
*338b52c4b212333e75bad46a0955b9ed*
`登陆天数: 91天 / 1512天
等级: 129
石头: 2824
呼符: 0
体力: 102103.05666666667 / 138
友情点: 0 / 51415750`
*連続ログイン7日間到達おめでとうございます！
明日は1日目からリスタートされます。*
`獣の足跡 X 1
呼符 X 1
8月交換券(2024) X 1
`*「水着イベント2024」開幕直前カウントダウンログインボーナス*
*開催期間中、1日1回 7日間日替わりでログインボーナスをプレゼント！*
`獣の足跡 X 1
`_2024-08-13 19:35:12_
--------
