【登录信息】
*cc576a32534bd10cf11966175ba8340d*
`登陆天数: 92天 / 1521天
等级: 134
石头: 1974
呼符: 0
体力: 89.65666666666667 / 139
友情点: 0 / 37593540`
*連続ログイン1日目
※ログインが途切れるか、7日到達すると
1日目から再開されます*
`フレンドポイント X 2000
8月交換券(2024) X 1
`*FGOカルデア放送局 ライト版 ～水着イベント2024～ 放送記念 初回ログインボーナス*
*開催期間中、初回ログインで「聖晶石×14」をプレゼント！*
`聖晶石 X 14
`_2024-08-14 19:35:38_
--------
*338b52c4b212333e75bad46a0955b9ed*
`登陆天数: 92天 / 1513天
等级: 129
石头: 2824
呼符: 0
体力: 102391.17 / 138
友情点: 0 / 51415750`
*連続ログイン1日目
※ログインが途切れるか、7日到達すると
1日目から再開されます*
`フレンドポイント X 2000
8月交換券(2024) X 1
`*FGOカルデア放送局 ライト版 ～水着イベント2024～ 放送記念 初回ログインボーナス*
*開催期間中、初回ログインで「聖晶石×14」をプレゼント！*
`聖晶石 X 14
`_2024-08-14 19:35:46_
--------
