【登录信息】
*cc576a32534bd10cf11966175ba8340d*
`登陆天数: 94天 / 1523天
等级: 134
石头: 1609
呼符: 0
体力: 98.50999999999999 / 139
友情点: 0 / 36806135`
*連続ログイン3日目
※ログインが途切れるか、7日到達すると
1日目から再開されます*
`叡智の業火 X 1
8月交換券(2024) X 1
`*ＢＢプレゼンツ☆セレブサマー・エクスペリエンス！ 開幕記念 ログインボーナス*
*開催期間中、1日1回 最大78回 ログインボーナスをプレゼント！*
`白銀の果実 X 1
`_2024-08-16 19:35:14_
--------
*338b52c4b212333e75bad46a0955b9ed*
`登陆天数: 94天 / 1515天
等级: 129
石头: 2824
呼符: 0
体力: 102967.09 / 138
友情点: 0 / 51415750`
*連続ログイン3日目
※ログインが途切れるか、7日到達すると
1日目から再開されます*
`叡智の業火 X 1
8月交換券(2024) X 1
`*ＢＢプレゼンツ☆セレブサマー・エクスペリエンス！ 開幕記念 ログインボーナス*
*開催期間中、1日1回 最大78回 ログインボーナスをプレゼント！*
`白銀の果実 X 1
`_2024-08-16 19:35:22_
--------
