【登录信息】
*cc576a32534bd10cf11966175ba8340d*
`登陆天数: 97天 / 1526天
等级: 134
石头: 1615
呼符: 0
体力: 80.25999999999999 / 139
友情点: 0 / 36807200`
*連続ログイン6日目
※ログインが途切れるか、7日到達すると
1日目から再開されます*
`聖晶石 X 2
8月交換券(2024) X 1
`*ＢＢプレゼンツ☆セレブサマー・エクスペリエンス！ 開幕記念 ログインボーナス*
*開催期間中、1日1回 最大78回 ログインボーナスをプレゼント！*
`白銀の果実 X 1
`_2024-08-19 19:36:04_
--------
*338b52c4b212333e75bad46a0955b9ed*
`登陆天数: 97天 / 1518天
等级: 129
石头: 2824
呼符: 0
体力: 103831.25666666667 / 138
友情点: 0 / 51415750`
*連続ログイン6日目
※ログインが途切れるか、7日到達すると
1日目から再開されます*
`聖晶石 X 2
8月交換券(2024) X 1
`*ＢＢプレゼンツ☆セレブサマー・エクスペリエンス！ 開幕記念 ログインボーナス*
*開催期間中、1日1回 最大78回 ログインボーナスをプレゼント！*
`白銀の果実 X 1
`_2024-08-19 19:36:12_
--------
