【登录信息】
*cc576a32534bd10cf11966175ba8340d*
`登陆天数: 99天 / 1528天
等级: 134
石头: 1620
呼符: 1
体力: 121.32 / 139
友情点: 40 / 36807615`
*連続ログイン1日目
※ログインが途切れるか、7日到達すると
1日目から再開されます*
`フレンドポイント X 2000
8月交換券(2024) X 1
`*ＢＢプレゼンツ☆セレブサマー・エクスペリエンス！ 開幕記念 ログインボーナス*
*開催期間中、1日1回 最大78回 ログインボーナスをプレゼント！*
`白銀の果実 X 1
`_2024-08-21 19:35:23_
--------
*338b52c4b212333e75bad46a0955b9ed*
`登陆天数: 99天 / 1520天
等级: 129
石头: 2824
呼符: 0
体力: 104407.12 / 138
友情点: 0 / 51415750`
*連続ログイン1日目
※ログインが途切れるか、7日到達すると
1日目から再開されます*
`フレンドポイント X 2000
8月交換券(2024) X 1
`*ＢＢプレゼンツ☆セレブサマー・エクスペリエンス！ 開幕記念 ログインボーナス*
*開催期間中、1日1回 最大78回 ログインボーナスをプレゼント！*
`黄金の果実 X 1
`_2024-08-21 19:35:31_
--------
