【登录信息】
*cc576a32534bd10cf11966175ba8340d*
`登陆天数: 101天 / 1530天
等级: 134
石头: 1624
呼符: 0
体力: 94.50333333333333 / 139
友情点: 110 / 36810810`
*連続ログイン3日目
※ログインが途切れるか、7日到達すると
1日目から再開されます*
`叡智の業火 X 1
8月交換券(2024) X 1
`*ＢＢプレゼンツ☆セレブサマー・エクスペリエンス！ 開幕記念 ログインボーナス*
*開催期間中、1日1回 最大78回 ログインボーナスをプレゼント！*
`白銀の果実 X 1
`_2024-08-23 19:35:11_
--------
*338b52c4b212333e75bad46a0955b9ed*
`登陆天数: 101天 / 1522天
等级: 129
石头: 2824
呼符: 0
体力: 104983.08 / 138
友情点: 0 / 51415750`
*連続ログイン3日目
※ログインが途切れるか、7日到達すると
1日目から再開されます*
`叡智の業火 X 1
8月交換券(2024) X 1
`*ＢＢプレゼンツ☆セレブサマー・エクスペリエンス！ 開幕記念 ログインボーナス*
*開催期間中、1日1回 最大78回 ログインボーナスをプレゼント！*
`白銀の果実 X 1
`_2024-08-23 19:35:19_
--------
