【登录信息】
*cc576a32534bd10cf11966175ba8340d*
`登陆天数: 102天 / 1531天
等级: 134
石头: 1624
呼符: 0
体力: 90.2 / 139
友情点: 10 / 36810960`
*連続ログイン4日目
※ログインが途切れるか、7日到達すると
1日目から再開されます*
`聖晶石 X 1
8月交換券(2024) X 1
`*ＢＢプレゼンツ☆セレブサマー・エクスペリエンス！ 開幕記念 ログインボーナス*
*開催期間中、1日1回 最大78回 ログインボーナスをプレゼント！*
`白銀の果実 X 1
`_2024-08-24 19:35:11_
--------
*338b52c4b212333e75bad46a0955b9ed*
`登陆天数: 102天 / 1523天
等级: 129
石头: 2824
呼符: 0
体力: 105271.08333333333 / 138
友情点: 0 / 51415750`
*連続ログイン4日目
※ログインが途切れるか、7日到達すると
1日目から再開されます*
`聖晶石 X 1
8月交換券(2024) X 1
`*ＢＢプレゼンツ☆セレブサマー・エクスペリエンス！ 開幕記念 ログインボーナス*
*開催期間中、1日1回 最大78回 ログインボーナスをプレゼント！*
`白銀の果実 X 1
`_2024-08-24 19:35:20_
--------
