【登录信息】
*cc576a32534bd10cf11966175ba8340d*
`登陆天数: 105天 / 1534天
等级: 134
石头: 1627
呼符: 0
体力: 124.25333333333333 / 139
友情点: 20 / 36807720`
*連続ログイン7日間到達おめでとうございます！
明日は1日目からリスタートされます。*
`獣の足跡 X 1
呼符 X 1
8月交換券(2024) X 1
`*ＢＢプレゼンツ☆セレブサマー・エクスペリエンス！ 開幕記念 ログインボーナス*
*開催期間中、1日1回 最大78回 ログインボーナスをプレゼント！*
`黄金の果実 X 1
`_2024-08-27 19:36:02_
--------
*338b52c4b212333e75bad46a0955b9ed*
`登陆天数: 105天 / 1526天
等级: 129
石头: 2824
呼符: 0
体力: 106135.25333333333 / 138
友情点: 0 / 51415750`
*連続ログイン7日間到達おめでとうございます！
明日は1日目からリスタートされます。*
`獣の足跡 X 1
呼符 X 1
8月交換券(2024) X 1
`*ＢＢプレゼンツ☆セレブサマー・エクスペリエンス！ 開幕記念 ログインボーナス*
*開催期間中、1日1回 最大78回 ログインボーナスをプレゼント！*
`白銀の果実 X 1
`_2024-08-27 19:36:11_
--------
