【登录信息】
*cc576a32534bd10cf11966175ba8340d*
`登陆天数: 2天 / 1431天
等级: 134
石头: 1432
呼符: 0
体力: 37509.346666666665 / 139
友情点: 40 / 37488325`
*連続ログイン2日目
※ログインが途切れるか、7日到達すると
1日目から再開されます*
`聖晶石 X 1
5月交換券(2024) X 1
`*魔法使いの夜アフターナイト／隈乃温泉殺人事件 開幕記念 ログインボーナス*
*開催期間中、1日1回 最大21回 ログインボーナスをプレゼント！*
`白銀の果実 X 1
`_2024-05-16 19:34:54_
--------
*338b52c4b212333e75bad46a0955b9ed*
`登陆天数: 2天 / 1423天
等级: 129
石头: 2824
呼符: 0
体力: 76471.02333333333 / 138
友情点: 90 / 51415720`
*連続ログイン2日目
※ログインが途切れるか、7日到達すると
1日目から再開されます*
`聖晶石 X 1
5月交換券(2024) X 1
`*魔法使いの夜アフターナイト／隈乃温泉殺人事件 開幕記念 ログインボーナス*
*開催期間中、1日1回 最大21回 ログインボーナスをプレゼント！*
`白銀の果実 X 1
`_2024-05-16 19:35:03_
--------
