【登录信息】
*cc576a32534bd10cf11966175ba8340d*
`登陆天数: 4天 / 1433天
等级: 134
石头: 1432
呼符: 0
体力: 38085.346666666665 / 139
友情点: 0 / 37488365`
*連続ログイン4日目
※ログインが途切れるか、7日到達すると
1日目から再開されます*
`聖晶石 X 1
5月交換券(2024) X 1
`*カルデア・サマーアドベンチャー！ アンケート復刻版 開幕記念 ログインボーナス*
*開催期間中、1日1回 最大21回 ログインボーナスをプレゼント！*
`白銀の果実 X 1
`_2024-05-18 19:34:54_
--------
*338b52c4b212333e75bad46a0955b9ed*
`登陆天数: 4天 / 1425天
等级: 129
石头: 2824
呼符: 0
体力: 77047.02333333333 / 138
友情点: 0 / 51415730`
*連続ログイン4日目
※ログインが途切れるか、7日到達すると
1日目から再開されます*
`聖晶石 X 1
5月交換券(2024) X 1
`*カルデア・サマーアドベンチャー！ アンケート復刻版 開幕記念 ログインボーナス*
*開催期間中、1日1回 最大21回 ログインボーナスをプレゼント！*
`白銀の果実 X 1
`_2024-05-18 19:35:02_
--------
