【登录信息】
*cc576a32534bd10cf11966175ba8340d*
`登陆天数: 6天 / 1435天
等级: 134
石头: 1432
呼符: 0
体力: 38661.683333333334 / 139
友情点: 0 / 37488365`
*連続ログイン6日目
※ログインが途切れるか、7日到達すると
1日目から再開されます*
`聖晶石 X 2
5月交換券(2024) X 1
`*カルデア・サマーアドベンチャー！ アンケート復刻版 開幕記念 ログインボーナス*
*開催期間中、1日1回 最大21回 ログインボーナスをプレゼント！*
`白銀の果実 X 1
`_2024-05-20 19:36:35_
--------
*338b52c4b212333e75bad46a0955b9ed*
`登陆天数: 6天 / 1427天
等级: 129
石头: 2824
呼符: 0
体力: 77623.36 / 138
友情点: 0 / 51415730`
*連続ログイン6日目
※ログインが途切れるか、7日到達すると
1日目から再開されます*
`聖晶石 X 2
5月交換券(2024) X 1
`*カルデア・サマーアドベンチャー！ アンケート復刻版 開幕記念 ログインボーナス*
*開催期間中、1日1回 最大21回 ログインボーナスをプレゼント！*
`白銀の果実 X 1
`_2024-05-20 19:36:43_
--------
