【登录信息】
*cc576a32534bd10cf11966175ba8340d*
`登陆天数: 7天 / 1436天
等级: 134
石头: 1432
呼符: 0
体力: 38949.68666666667 / 139
友情点: 0 / 37488365`
*連続ログイン7日間到達おめでとうございます！
明日は1日目からリスタートされます。*
`獣の足跡 X 1
呼符 X 1
5月交換券(2024) X 1
`*カルデア・サマーアドベンチャー！ アンケート復刻版 開幕記念 ログインボーナス*
*開催期間中、1日1回 最大21回 ログインボーナスをプレゼント！*
`白銀の果実 X 1
`_2024-05-21 19:36:36_
--------
*338b52c4b212333e75bad46a0955b9ed*
`登陆天数: 7天 / 1428天
等级: 129
石头: 2824
呼符: 0
体力: 77911.36666666667 / 138
友情点: 0 / 51415730`
*連続ログイン7日間到達おめでとうございます！
明日は1日目からリスタートされます。*
`獣の足跡 X 1
呼符 X 1
5月交換券(2024) X 1
`*カルデア・サマーアドベンチャー！ アンケート復刻版 開幕記念 ログインボーナス*
*開催期間中、1日1回 最大21回 ログインボーナスをプレゼント！*
`白銀の果実 X 1
`_2024-05-21 19:36:45_
--------
