【登录信息】
*cc576a32534bd10cf11966175ba8340d*
`登陆天数: 10天 / 1439天
等级: 134
石头: 1432
呼符: 0
体力: 39813.333333333336 / 139
友情点: 0 / 37488365`
*連続ログイン3日目
※ログインが途切れるか、7日到達すると
1日目から再開されます*
`叡智の業火 X 1
5月交換券(2024) X 1
`*カルデア・サマーアドベンチャー！ アンケート復刻版 開幕記念 ログインボーナス*
*開催期間中、1日1回 最大21回 ログインボーナスをプレゼント！*
`黄金の果実 X 1
`_2024-05-24 19:34:50_
--------
*338b52c4b212333e75bad46a0955b9ed*
`登陆天数: 10天 / 1431天
等级: 129
石头: 2824
呼符: 0
体力: 78775.01 / 138
友情点: 0 / 51415730`
*連続ログイン3日目
※ログインが途切れるか、7日到達すると
1日目から再開されます*
`叡智の業火 X 1
5月交換券(2024) X 1
`*カルデア・サマーアドベンチャー！ アンケート復刻版 開幕記念 ログインボーナス*
*開催期間中、1日1回 最大21回 ログインボーナスをプレゼント！*
`黄金の果実 X 1
`_2024-05-24 19:34:58_
--------
