【登录信息】
*cc576a32534bd10cf11966175ba8340d*
`登陆天数: 14天 / 1443天
等级: 134
石头: 1443
呼符: 1
体力: 40965.473333333335 / 139
友情点: 0 / 37490365`
*連続ログイン7日間到達おめでとうございます！
明日は1日目からリスタートされます。*
`獣の足跡 X 1
呼符 X 1
5月交換券(2024) X 1
`*カルデア・サマーアドベンチャー！ アンケート復刻版 開幕記念 ログインボーナス*
*開催期間中、1日1回 最大21回 ログインボーナスをプレゼント！*
`白銀の果実 X 1
`_2024-05-28 19:35:32_
--------
*338b52c4b212333e75bad46a0955b9ed*
`登陆天数: 14天 / 1435天
等级: 129
石头: 2824
呼符: 0
体力: 79927.15 / 138
友情点: 0 / 51415740`
*連続ログイン7日間到達おめでとうございます！
明日は1日目からリスタートされます。*
`獣の足跡 X 1
呼符 X 1
5月交換券(2024) X 1
`*カルデア・サマーアドベンチャー！ アンケート復刻版 開幕記念 ログインボーナス*
*開催期間中、1日1回 最大21回 ログインボーナスをプレゼント！*
`白銀の果実 X 1
`_2024-05-28 19:35:40_
--------
