【登录信息】
*cc576a32534bd10cf11966175ba8340d*
`登陆天数: 171天 / 1600天
等级: 136
石头: 1420
呼符: 0
体力: 3882.1366666666668 / 139
友情点: 0 / 36568585`
*連続ログイン3日目
※ログインが途切れるか、7日到達すると
1日目から再開されます*
`叡智の業火 X 1
11月交換券(2024) X 1
`*使用期限付コンティニューアイテムプレゼント！*
*開催期間中、初回ログインでコンティニューアイテム「霊脈石×3」をプレゼント！*
`霊脈石 X 3
`_2024-11-01 19:36:23_
--------
*338b52c4b212333e75bad46a0955b9ed*
`登陆天数: 171天 / 1592天
等级: 129
石头: 2824
呼符: 0
体力: 125143.32333333333 / 138
友情点: 0 / 51415760`
*連続ログイン3日目
※ログインが途切れるか、7日到達すると
1日目から再開されます*
`叡智の業火 X 1
11月交換券(2024) X 1
`*使用期限付コンティニューアイテムプレゼント！*
*開催期間中、初回ログインでコンティニューアイテム「霊脈石×3」をプレゼント！*
`霊脈石 X 3
`_2024-11-01 19:36:32_
--------
