【登录信息】
*cc576a32534bd10cf11966175ba8340d*
`登陆天数: 174天 / 1603天
等级: 136
石头: 1455
呼符: 1
体力: 4745.8966666666665 / 139
友情点: 0 / 36570620`
*連続ログイン6日目
※ログインが途切れるか、7日到達すると
1日目から再開されます*
`聖晶石 X 2
11月交換券(2024) X 1
`*秋の戦力増強キャンペーン特別ログインボーナス！*
*開催期間中、1日1回 最大7回 ログインボーナスをプレゼント！*
`叡智の業火 X 3
`_2024-11-04 19:35:11_
--------
*338b52c4b212333e75bad46a0955b9ed*
`登陆天数: 174天 / 1595天
等级: 129
石头: 2824
呼符: 0
体力: 126007.08333333333 / 138
友情点: 0 / 51415760`
*連続ログイン6日目
※ログインが途切れるか、7日到達すると
1日目から再開されます*
`聖晶石 X 2
11月交換券(2024) X 1
`*秋の戦力増強キャンペーン特別ログインボーナス！*
*開催期間中、1日1回 最大7回 ログインボーナスをプレゼント！*
`叡智の業火 X 3
`_2024-11-04 19:35:20_
--------
