【登录信息】
*cc576a32534bd10cf11966175ba8340d*
`登陆天数: 175天 / 1604天
等级: 136
石头: 1455
呼符: 1
体力: 5034.133333333333 / 139
友情点: 0 / 36570620`
*連続ログイン7日間到達おめでとうございます！
明日は1日目からリスタートされます。*
`獣の足跡 X 1
呼符 X 1
11月交換券(2024) X 1
`*秋の戦力増強キャンペーン特別ログインボーナス！*
*開催期間中、1日1回 最大7回 ログインボーナスをプレゼント！*
`QP X 3000000
`_2024-11-05 19:36:23_
--------
*338b52c4b212333e75bad46a0955b9ed*
`登陆天数: 175天 / 1596天
等级: 129
石头: 2824
呼符: 0
体力: 126295.32333333333 / 138
友情点: 0 / 51415760`
*連続ログイン7日間到達おめでとうございます！
明日は1日目からリスタートされます。*
`獣の足跡 X 1
呼符 X 1
11月交換券(2024) X 1
`*秋の戦力増強キャンペーン特別ログインボーナス！*
*開催期間中、1日1回 最大7回 ログインボーナスをプレゼント！*
`QP X 3000000
`_2024-11-05 19:36:32_
--------
