【登录信息】
*cc576a32534bd10cf11966175ba8340d*
`登陆天数: 178天 / 1607天
等级: 136
石头: 1455
呼符: 1
体力: 5897.82 / 139
友情点: 0 / 36570620`
*連続ログイン3日目
※ログインが途切れるか、7日到達すると
1日目から再開されます*
`叡智の業火 X 1
11月交換券(2024) X 1
`*「ぶち壊せ！ ミステリーハウス・クラフターズ ～星の鉱員と日の出の翼～」開幕直前特別ログインボーナス*
*開催期間中、1日1回 最大7回 ログインボーナスをプレゼント！*
`QP X 1000000
`_2024-11-08 19:34:49_
--------
*338b52c4b212333e75bad46a0955b9ed*
`登陆天数: 178天 / 1599天
等级: 129
石头: 2824
呼符: 0
体力: 127159.00666666667 / 138
友情点: 0 / 51415760`
*連続ログイン3日目
※ログインが途切れるか、7日到達すると
1日目から再開されます*
`叡智の業火 X 1
11月交換券(2024) X 1
`*「ぶち壊せ！ ミステリーハウス・クラフターズ ～星の鉱員と日の出の翼～」開幕直前特別ログインボーナス*
*開催期間中、1日1回 最大7回 ログインボーナスをプレゼント！*
`QP X 1000000
`_2024-11-08 19:34:58_
--------
