【登录信息】
*cc576a32534bd10cf11966175ba8340d*
`登陆天数: 182天 / 1611天
等级: 136
石头: 1462
呼符: 2
体力: 7050.106666666667 / 139
友情点: 0 / 36572620`
*連続ログイン7日間到達おめでとうございます！
明日は1日目からリスタートされます。*
`獣の足跡 X 1
呼符 X 1
11月交換券(2024) X 1
`*「ぶち壊せ！ ミステリーハウス・クラフターズ ～星の鉱員と日の出の翼～」開幕直前特別ログインボーナス*
*開催期間中、1日1回 最大7回 ログインボーナスをプレゼント！*
`聖晶石 X 2
`_2024-11-12 19:36:14_
--------
*338b52c4b212333e75bad46a0955b9ed*
`登陆天数: 182天 / 1603天
等级: 129
石头: 2824
呼符: 0
体力: 128311.29666666666 / 138
友情点: 0 / 51415760`
*連続ログイン7日間到達おめでとうございます！
明日は1日目からリスタートされます。*
`獣の足跡 X 1
呼符 X 1
11月交換券(2024) X 1
`*「ぶち壊せ！ ミステリーハウス・クラフターズ ～星の鉱員と日の出の翼～」開幕直前特別ログインボーナス*
*開催期間中、1日1回 最大7回 ログインボーナスをプレゼント！*
`聖晶石 X 2
`_2024-11-12 19:36:24_
--------
