【登录信息】
*cc576a32534bd10cf11966175ba8340d*
`登陆天数: 51天 / 1480天
等级: 134
石头: 1440
呼符: 0
体力: 51621.47 / 139
友情点: 0 / 37500365`
*連続ログイン2日目
※ログインが途切れるか、7日到達すると
1日目から再開されます*
`聖晶石 X 1
7月交換券(2024) X 1
`*踊るドラゴン・キャッスル！ ～深海の姫君とふたつの宝玉～ 開幕記念 ログインボーナス*
*開催期間中、1日1回 最大21回 ログインボーナスをプレゼント！*
`白銀の果実 X 1
`_2024-07-04 19:35:31_
--------
*338b52c4b212333e75bad46a0955b9ed*
`登陆天数: 51天 / 1472天
等级: 129
石头: 2824
呼符: 0
体力: 90583.15 / 138
友情点: 0 / 51415750`
*連続ログイン2日目
※ログインが途切れるか、7日到達すると
1日目から再開されます*
`聖晶石 X 1
7月交換券(2024) X 1
`*踊るドラゴン・キャッスル！ ～深海の姫君とふたつの宝玉～ 開幕記念 ログインボーナス*
*開催期間中、1日1回 最大21回 ログインボーナスをプレゼント！*
`白銀の果実 X 1
`_2024-07-04 19:35:40_
--------
