【登录信息】
*cc576a32534bd10cf11966175ba8340d*
`登陆天数: 57天 / 1486天
等级: 134
石头: 1444
呼符: 0
体力: 53349.34333333333 / 139
友情点: 0 / 37502365`
*連続ログイン1日目
※ログインが途切れるか、7日到達すると
1日目から再開されます*
`フレンドポイント X 2000
7月交換券(2024) X 1
`*「水着イベント2024」参加条件クリア応援キャンペーン 第2弾
特別ログインボーナス*
*開催期間中、1日1回 最大7回 ログインボーナスをプレゼント！*
`黄金の果実 X 1
`_2024-07-10 19:34:52_
--------
*338b52c4b212333e75bad46a0955b9ed*
`登陆天数: 57天 / 1478天
等级: 129
石头: 2824
呼符: 0
体力: 92311.02 / 138
友情点: 0 / 51415750`
*連続ログイン1日目
※ログインが途切れるか、7日到達すると
1日目から再開されます*
`フレンドポイント X 2000
7月交換券(2024) X 1
`*「水着イベント2024」参加条件クリア応援キャンペーン 第2弾
特別ログインボーナス*
*開催期間中、1日1回 最大7回 ログインボーナスをプレゼント！*
`黄金の果実 X 1
`_2024-07-10 19:35:01_
--------
