【登录信息】
*cc576a32534bd10cf11966175ba8340d*
`登陆天数: 61天 / 1490天
等级: 134
石头: 1463
呼符: 0
体力: 54501.32666666667 / 139
友情点: 0 / 37504365`
*連続ログイン5日目
※ログインが途切れるか、7日到達すると
1日目から再開されます*
`叡智の業火 X 2
7月交換券(2024) X 1
`*「水着イベント2024」参加条件クリア応援キャンペーン 第2弾
特別ログインボーナス*
*開催期間中、1日1回 最大7回 ログインボーナスをプレゼント！*
`英霊結晶・星のフォウくん X 10
`_2024-07-14 19:34:48_
--------
*338b52c4b212333e75bad46a0955b9ed*
`登陆天数: 61天 / 1482天
等级: 129
石头: 2824
呼符: 0
体力: 93463.00333333333 / 138
友情点: 0 / 51415750`
*連続ログイン5日目
※ログインが途切れるか、7日到達すると
1日目から再開されます*
`叡智の業火 X 2
7月交換券(2024) X 1
`*「水着イベント2024」参加条件クリア応援キャンペーン 第2弾
特別ログインボーナス*
*開催期間中、1日1回 最大7回 ログインボーナスをプレゼント！*
`英霊結晶・星のフォウくん X 10
`_2024-07-14 19:34:56_
--------
