【登录信息】
*cc576a32534bd10cf11966175ba8340d*
`登陆天数: 62天 / 1491天
等级: 134
石头: 1463
呼符: 0
体力: 54789.36666666667 / 139
友情点: 0 / 37504365`
*連続ログイン6日目
※ログインが途切れるか、7日到達すると
1日目から再開されます*
`聖晶石 X 2
7月交換券(2024) X 1
`*「水着イベント2024」参加条件クリア応援キャンペーン 第2弾
特別ログインボーナス*
*開催期間中、1日1回 最大7回 ログインボーナスをプレゼント！*
`英霊結晶・太陽のフォウくん X 10
`_2024-07-15 19:35:00_
--------
*338b52c4b212333e75bad46a0955b9ed*
`登陆天数: 62天 / 1483天
等级: 129
石头: 2824
呼符: 0
体力: 93751.04333333333 / 138
友情点: 0 / 51415750`
*連続ログイン6日目
※ログインが途切れるか、7日到達すると
1日目から再開されます*
`聖晶石 X 2
7月交換券(2024) X 1
`*「水着イベント2024」参加条件クリア応援キャンペーン 第2弾
特別ログインボーナス*
*開催期間中、1日1回 最大7回 ログインボーナスをプレゼント！*
`英霊結晶・太陽のフォウくん X 10
`_2024-07-15 19:35:08_
--------
