【登录信息】
*cc576a32534bd10cf11966175ba8340d*
`登陆天数: 63天 / 1492天
等级: 134
石头: 1463
呼符: 0
体力: 55077.386666666665 / 139
友情点: 0 / 37504365`
*連続ログイン7日間到達おめでとうございます！
明日は1日目からリスタートされます。*
`獣の足跡 X 1
呼符 X 1
7月交換券(2024) X 1
`*「水着イベント2024」参加条件クリア応援キャンペーン 第2弾
特別ログインボーナス*
*開催期間中、1日1回 最大7回 ログインボーナスをプレゼント！*
`マナプリズム X 50
`_2024-07-16 19:35:06_
--------
*338b52c4b212333e75bad46a0955b9ed*
`登陆天数: 63天 / 1484天
等级: 129
石头: 2824
呼符: 0
体力: 94039.06666666667 / 138
友情点: 0 / 51415750`
*連続ログイン7日間到達おめでとうございます！
明日は1日目からリスタートされます。*
`獣の足跡 X 1
呼符 X 1
7月交換券(2024) X 1
`*「水着イベント2024」参加条件クリア応援キャンペーン 第2弾
特別ログインボーナス*
*開催期間中、1日1回 最大7回 ログインボーナスをプレゼント！*
`マナプリズム X 50
`_2024-07-16 19:35:15_
--------
