【登录信息】
*cc576a32534bd10cf11966175ba8340d*
`登陆天数: 73天 / 1502天
等级: 134
石头: 1463
呼符: 0
体力: 57957.306666666664 / 139
友情点: 0 / 37504425`
*連続ログイン3日目
※ログインが途切れるか、7日到達すると
1日目から再開されます*
`叡智の業火 X 1
7月交換券(2024) X 1
`*「FGO Expo ～Fate/Grand Order Fes. 2024 9th Anniversary～」 開催直前カウントダウン ログインボーナス*
*開催期間中、1日1回 9日間日替りでログインボーナスをプレゼント！*
`叡智の業火 X 5
`_2024-07-26 19:34:42_
--------
*338b52c4b212333e75bad46a0955b9ed*
`登陆天数: 73天 / 1494天
等级: 129
石头: 2824
呼符: 0
体力: 96918.98333333334 / 138
友情点: 0 / 51415750`
*連続ログイン3日目
※ログインが途切れるか、7日到達すると
1日目から再開されます*
`叡智の業火 X 1
7月交換券(2024) X 1
`*「FGO Expo ～Fate/Grand Order Fes. 2024 9th Anniversary～」 開催直前カウントダウン ログインボーナス*
*開催期間中、1日1回 9日間日替りでログインボーナスをプレゼント！*
`叡智の業火 X 5
`_2024-07-26 19:34:50_
--------
