【登录信息】
*cc576a32534bd10cf11966175ba8340d*
`登陆天数: 74天 / 1503天
等级: 134
石头: 1463
呼符: 0
体力: 58245.723333333335 / 139
友情点: 0 / 37504425`
*連続ログイン4日目
※ログインが途切れるか、7日到達すると
1日目から再開されます*
`聖晶石 X 1
7月交換券(2024) X 1
`*「FGO Expo ～Fate/Grand Order Fes. 2024 9th Anniversary～」 開催直前カウントダウン ログインボーナス*
*開催期間中、1日1回 9日間日替りでログインボーナスをプレゼント！*
`QP X 2000000
`_2024-07-27 19:36:47_
--------
*338b52c4b212333e75bad46a0955b9ed*
`登陆天数: 74天 / 1495天
等级: 129
石头: 2824
呼符: 0
体力: 97207.4 / 138
友情点: 0 / 51415750`
*連続ログイン4日目
※ログインが途切れるか、7日到達すると
1日目から再開されます*
`聖晶石 X 1
7月交換券(2024) X 1
`*「FGO Expo ～Fate/Grand Order Fes. 2024 9th Anniversary～」 開催直前カウントダウン ログインボーナス*
*開催期間中、1日1回 9日間日替りでログインボーナスをプレゼント！*
`QP X 2000000
`_2024-07-27 19:36:56_
--------
