【登录信息】
*cc576a32534bd10cf11966175ba8340d*
`登陆天数: 77天 / 1506天
等级: 134
石头: 1516
呼符: 0
体力: 59109.573333333334 / 139
友情点: 0 / 37508435`
*連続ログイン7日間到達おめでとうございます！
明日は1日目からリスタートされます。*
`獣の足跡 X 1
呼符 X 1
7月交換券(2024) X 1
`*「FGO Expo ～Fate/Grand Order Fes. 2024 9th Anniversary～」 開催直前カウントダウン ログインボーナス*
*開催期間中、1日1回 9日間日替りでログインボーナスをプレゼント！*
`QP X 3000000
`_2024-07-30 19:36:02_
--------
*338b52c4b212333e75bad46a0955b9ed*
`登陆天数: 77天 / 1498天
等级: 129
石头: 2824
呼符: 0
体力: 98071.25 / 138
友情点: 0 / 51415750`
*連続ログイン7日間到達おめでとうございます！
明日は1日目からリスタートされます。*
`獣の足跡 X 1
呼符 X 1
7月交換券(2024) X 1
`*「FGO Expo ～Fate/Grand Order Fes. 2024 9th Anniversary～」 開催直前カウントダウン ログインボーナス*
*開催期間中、1日1回 9日間日替りでログインボーナスをプレゼント！*
`QP X 3000000
`_2024-07-30 19:36:10_
--------
