【登录信息】
*cc576a32534bd10cf11966175ba8340d*
`登陆天数: 135天 / 1397天
等级: 133
石头: 2144
呼符: 0
体力: 70.98333333333333 / 139
友情点: 0 / 30952670`
*連続ログイン2日目
※ログインが途切れるか、7日到達すると
1日目から再開されます*
`聖晶石 X 1
10月交換券(2023) X 1
`*ワンジナ・ワールドツアー！ ～大精霊と巡る世界一周～開幕記念 ログインボーナス*
*開催期間中、1日1回 最大21回ログインボーナスをプレゼント！*
`白銀の果実 X 1
`_2023-09-30 19:32:02_
--------
*338b52c4b212333e75bad46a0955b9ed*
`登陆天数: 50天 / 1396天
等级: 129
石头: 2824
呼符: 0
体力: 10518.45 / 138
友情点: 280 / 45756245`
*連続ログイン1日目
※ログインが途切れるか、7日到達すると
1日目から再開されます*
`フレンドポイント X 2000
10月交換券(2023) X 1
`*ワンジナ・ワールドツアー！ ～大精霊と巡る世界一周～開幕記念 ログインボーナス*
*開催期間中、1日1回 最大21回ログインボーナスをプレゼント！*
`白銀の果実 X 1
`_2023-09-30 19:32:10_
--------
