【登录信息】
*cc576a32534bd10cf11966175ba8340d*
`登陆天数: 138天 / 1400天
等级: 133
石头: 2149
呼符: 0
体力: 85.0 / 139
友情点: 20 / 30954145`
*連続ログイン5日目
※ログインが途切れるか、7日到達すると
1日目から再開されます*
`叡智の業火 X 2
10月交換券(2023) X 1
`*ワンジナ・ワールドツアー！ ～大精霊と巡る世界一周～開幕記念 ログインボーナス*
*開催期間中、1日1回 最大21回ログインボーナスをプレゼント！*
`黄金の果実 X 1
`_2023-10-03 19:32:05_
--------
*338b52c4b212333e75bad46a0955b9ed*
`登陆天数: 53天 / 1399天
等级: 129
石头: 2824
呼符: 0
体力: 11382.463333333333 / 138
友情点: 60 / 45756445`
*連続ログイン4日目
※ログインが途切れるか、7日到達すると
1日目から再開されます*
`聖晶石 X 1
10月交換券(2023) X 1
`*ワンジナ・ワールドツアー！ ～大精霊と巡る世界一周～開幕記念 ログインボーナス*
*開催期間中、1日1回 最大21回ログインボーナスをプレゼント！*
`白銀の果実 X 1
`_2023-10-03 19:32:14_
--------
