【登录信息】
*cc576a32534bd10cf11966175ba8340d*
`登陆天数: 140天 / 1402天
等级: 134
石头: 2188
呼符: 0
体力: 88.29666666666667 / 139
友情点: 100 / 30955410`
*連続ログイン7日間到達おめでとうございます！
明日は1日目からリスタートされます。*
`獣の足跡 X 1
呼符 X 1
10月交換券(2023) X 1
`*ワンジナ・ワールドツアー！ ～大精霊と巡る世界一周～開幕記念 ログインボーナス*
*開催期間中、1日1回 最大21回ログインボーナスをプレゼント！*
`白銀の果実 X 1
`_2023-10-05 19:32:19_
--------
*338b52c4b212333e75bad46a0955b9ed*
`登陆天数: 55天 / 1401天
等级: 129
石头: 2824
呼符: 0
体力: 11958.506666666666 / 138
友情点: 210 / 45756785`
*連続ログイン6日目
※ログインが途切れるか、7日到達すると
1日目から再開されます*
`聖晶石 X 2
10月交換券(2023) X 1
`*ワンジナ・ワールドツアー！ ～大精霊と巡る世界一周～開幕記念 ログインボーナス*
*開催期間中、1日1回 最大21回ログインボーナスをプレゼント！*
`白銀の果実 X 1
`_2023-10-05 19:32:27_
--------
