【登录信息】
*cc576a32534bd10cf11966175ba8340d*
`登陆天数: 141天 / 1403天
等级: 134
石头: 2190
呼符: 0
体力: 82.14666666666668 / 139
友情点: 20 / 30956205`
*連続ログイン1日目
※ログインが途切れるか、7日到達すると
1日目から再開されます*
`フレンドポイント X 2000
10月交換券(2023) X 1
`*ワンジナ・ワールドツアー！ ～大精霊と巡る世界一周～開幕記念 ログインボーナス*
*開催期間中、1日1回 最大21回ログインボーナスをプレゼント！*
`白銀の果実 X 1
`_2023-10-06 19:32:12_
--------
*338b52c4b212333e75bad46a0955b9ed*
`登陆天数: 56天 / 1402天
等级: 129
石头: 2824
呼符: 0
体力: 12246.483333333334 / 138
友情点: 270 / 45757055`
*連続ログイン7日間到達おめでとうございます！
明日は1日目からリスタートされます。*
`獣の足跡 X 1
呼符 X 1
10月交換券(2023) X 1
`*ワンジナ・ワールドツアー！ ～大精霊と巡る世界一周～開幕記念 ログインボーナス*
*開催期間中、1日1回 最大21回ログインボーナスをプレゼント！*
`白銀の果実 X 1
`_2023-10-06 19:32:20_
--------
