【登录信息】
*cc576a32534bd10cf11966175ba8340d*
`登陆天数: 145天 / 1407天
等级: 134
石头: 2195
呼符: 0
体力: 202.32666666666665 / 139
友情点: 280 / 30960095`
*連続ログイン5日目
※ログインが途切れるか、7日到達すると
1日目から再開されます*
`叡智の業火 X 2
10月交換券(2023) X 1
`_2023-10-10 19:31:56_
--------
*338b52c4b212333e75bad46a0955b9ed*
`登陆天数: 60天 / 1406天
等级: 129
石头: 2824
呼符: 0
体力: 13398.433333333332 / 138
友情点: 110 / 45758615`
*連続ログイン4日目
※ログインが途切れるか、7日到達すると
1日目から再開されます*
`聖晶石 X 1
10月交換券(2023) X 1
`*ワンジナ・ワールドツアー！ ～大精霊と巡る世界一周～開幕記念 ログインボーナス*
*開催期間中、1日1回 最大21回ログインボーナスをプレゼント！*
`白銀の果実 X 1
`_2023-10-10 19:32:05_
--------
