【登录信息】
*cc576a32534bd10cf11966175ba8340d*
`登陆天数: 146天 / 1408天
等级: 134
石头: 2195
呼符: 0
体力: 490.3566666666667 / 139
友情点: 200 / 30960295`
*連続ログイン6日目
※ログインが途切れるか、7日到達すると
1日目から再開されます*
`聖晶石 X 2
10月交換券(2023) X 1
`*日替りログインボーナス*
*開催期間中、1日1回 2週間日替りでログインボーナスをプレゼント！*
`巡霊の葉 X 30
`_2023-10-11 19:32:06_
--------
*338b52c4b212333e75bad46a0955b9ed*
`登陆天数: 61天 / 1407天
等级: 129
石头: 2824
呼符: 0
体力: 13686.463333333333 / 138
友情点: 190 / 45759635`
*連続ログイン5日目
※ログインが途切れるか、7日到達すると
1日目から再開されます*
`叡智の業火 X 2
10月交換券(2023) X 1
`*日替りログインボーナス*
*開催期間中、1日1回 2週間日替りでログインボーナスをプレゼント！*
`巡霊の葉 X 30
`_2023-10-11 19:32:14_
--------
