【登录信息】
*cc576a32534bd10cf11966175ba8340d*
`登陆天数: 147天 / 1409天
等级: 134
石头: 2202
呼符: 0
体力: 199.47333333333333 / 139
友情点: 140 / 30960675`
*連続ログイン7日間到達おめでとうございます！
明日は1日目からリスタートされます。*
`獣の足跡 X 1
呼符 X 1
10月交換券(2023) X 1
`*日替りログインボーナス*
*開催期間中、1日1回 2週間日替りでログインボーナスをプレゼント！*
`巡霊の葉 X 30
`_2023-10-12 19:32:01_
--------
*338b52c4b212333e75bad46a0955b9ed*
`登陆天数: 62天 / 1408天
等级: 129
石头: 2824
呼符: 0
体力: 13974.446666666667 / 138
友情点: 110 / 45759745`
*連続ログイン6日目
※ログインが途切れるか、7日到達すると
1日目から再開されます*
`聖晶石 X 2
10月交換券(2023) X 1
`*日替りログインボーナス*
*開催期間中、1日1回 2週間日替りでログインボーナスをプレゼント！*
`巡霊の葉 X 30
`_2023-10-12 19:32:09_
--------
