【登录信息】
*cc576a32534bd10cf11966175ba8340d*
`登陆天数: 149天 / 1411天
等级: 134
石头: 2204
呼符: 0
体力: 198.75333333333333 / 139
友情点: 520 / 30963995`
*連続ログイン2日目
※ログインが途切れるか、7日到達すると
1日目から再開されます*
`聖晶石 X 1
10月交換券(2023) X 1
`*リリース3000日突破キャンペーン 初回ログインボーナス*
*開催期間中、初回ログインで「聖晶石×10」をプレゼント！*
`聖晶石 X 10
`_2023-10-14 19:32:02_
--------
*338b52c4b212333e75bad46a0955b9ed*
`登陆天数: 64天 / 1410天
等级: 129
石头: 2824
呼符: 0
体力: 14550.453333333333 / 138
友情点: 130 / 45759935`
*連続ログイン1日目
※ログインが途切れるか、7日到達すると
1日目から再開されます*
`フレンドポイント X 2000
10月交換券(2023) X 1
`*リリース3000日突破キャンペーン 初回ログインボーナス*
*開催期間中、初回ログインで「聖晶石×10」をプレゼント！*
`聖晶石 X 10
`_2023-10-14 19:32:11_
--------
