【登录信息】
*cc576a32534bd10cf11966175ba8340d*
`登陆天数: 151天 / 1413天
等级: 134
石头: 2131
呼符: 0
体力: 79.53666666666666 / 139
友情点: 759300 / 34388105`
*連続ログイン4日目
※ログインが途切れるか、7日到達すると
1日目から再開されます*
`聖晶石 X 1
10月交換券(2023) X 1
`*日替りログインボーナス*
*開催期間中、1日1回 2週間日替りでログインボーナスをプレゼント！*
`巡霊の葉 X 30
`_2023-10-16 19:31:52_
--------
*338b52c4b212333e75bad46a0955b9ed*
`登陆天数: 66天 / 1412天
等级: 129
石头: 2824
呼符: 0
体力: 15126.416666666666 / 138
友情点: 2057300 / 49246745`
*連続ログイン3日目
※ログインが途切れるか、7日到達すると
1日目から再開されます*
`叡智の業火 X 1
10月交換券(2023) X 1
`*日替りログインボーナス*
*開催期間中、1日1回 2週間日替りでログインボーナスをプレゼント！*
`巡霊の葉 X 30
`_2023-10-16 19:32:00_
--------
