【登录信息】
*cc576a32534bd10cf11966175ba8340d*
`登陆天数: 152天 / 1414天
等级: 134
石头: 2131
呼符: 0
体力: 367.63 / 139
友情点: 2807400 / 37195505`
*連続ログイン5日目
※ログインが途切れるか、7日到達すると
1日目から再開されます*
`叡智の業火 X 2
10月交換券(2023) X 1
`*日替りログインボーナス*
*開催期間中、1日1回 2週間日替りでログインボーナスをプレゼント！*
`聖晶石 X 3
巡霊の葉 X 50
`_2023-10-17 19:32:20_
--------
*338b52c4b212333e75bad46a0955b9ed*
`登陆天数: 67天 / 1413天
等级: 129
石头: 2824
呼符: 0
体力: 15414.513333333334 / 138
友情点: 2165980 / 51412725`
*連続ログイン4日目
※ログインが途切れるか、7日到達すると
1日目から再開されます*
`聖晶石 X 1
10月交換券(2023) X 1
`*日替りログインボーナス*
*開催期間中、1日1回 2週間日替りでログインボーナスをプレゼント！*
`聖晶石 X 3
巡霊の葉 X 50
`_2023-10-17 19:32:29_
--------
