【登录信息】
*cc576a32534bd10cf11966175ba8340d*
`登陆天数: 153天 / 1415天
等级: 134
石头: 2131
呼符: 0
体力: 655.5833333333334 / 139
友情点: 234480 / 37429985`
*連続ログイン6日目
※ログインが途切れるか、7日到達すると
1日目から再開されます*
`聖晶石 X 2
10月交換券(2023) X 1
`*日替りログインボーナス*
*開催期間中、1日1回 2週間日替りでログインボーナスをプレゼント！*
`巡霊の葉 X 30
`_2023-10-18 19:32:06_
--------
*338b52c4b212333e75bad46a0955b9ed*
`登陆天数: 68天 / 1414天
等级: 129
石头: 2824
呼符: 0
体力: 15702.463333333333 / 138
友情点: 155 / 51412880`
*連続ログイン5日目
※ログインが途切れるか、7日到達すると
1日目から再開されます*
`叡智の業火 X 2
10月交換券(2023) X 1
`*日替りログインボーナス*
*開催期間中、1日1回 2週間日替りでログインボーナスをプレゼント！*
`巡霊の葉 X 30
`_2023-10-18 19:32:14_
--------
