【登录信息】
*cc576a32534bd10cf11966175ba8340d*
`登陆天数: 154天 / 1416天
等级: 134
石头: 2144
呼符: 0
体力: 200.56 / 139
友情点: 80 / 37430405`
*連続ログイン7日間到達おめでとうございます！
明日は1日目からリスタートされます。*
`獣の足跡 X 1
呼符 X 1
10月交換券(2023) X 1
`*日替りログインボーナス*
*開催期間中、1日1回 2週間日替りでログインボーナスをプレゼント！*
`巡霊の葉 X 30
`_2023-10-19 19:32:11_
--------
*338b52c4b212333e75bad46a0955b9ed*
`登陆天数: 69天 / 1415天
等级: 129
石头: 2824
呼符: 0
体力: 15990.48 / 138
友情点: 150 / 51414050`
*連続ログイン6日目
※ログインが途切れるか、7日到達すると
1日目から再開されます*
`聖晶石 X 2
10月交換券(2023) X 1
`*日替りログインボーナス*
*開催期間中、1日1回 2週間日替りでログインボーナスをプレゼント！*
`巡霊の葉 X 30
`_2023-10-19 19:32:19_
--------
