【登录信息】
*cc576a32534bd10cf11966175ba8340d*
`登陆天数: 155天 / 1417天
等级: 134
石头: 2144
呼符: 0
体力: 488.54 / 139
友情点: 805 / 37431210`
*連続ログイン1日目
※ログインが途切れるか、7日到達すると
1日目から再開されます*
`フレンドポイント X 2000
10月交換券(2023) X 1
`*日替りログインボーナス*
*開催期間中、1日1回 2週間日替りでログインボーナスをプレゼント！*
`聖晶石 X 2
巡霊の葉 X 100
`_2023-10-20 19:32:05_
--------
*338b52c4b212333e75bad46a0955b9ed*
`登陆天数: 70天 / 1416天
等级: 129
石头: 2824
呼符: 0
体力: 16278.46 / 138
友情点: 360 / 51414410`
*連続ログイン7日間到達おめでとうございます！
明日は1日目からリスタートされます。*
`獣の足跡 X 1
呼符 X 1
10月交換券(2023) X 1
`*日替りログインボーナス*
*開催期間中、1日1回 2週間日替りでログインボーナスをプレゼント！*
`聖晶石 X 2
巡霊の葉 X 100
`_2023-10-20 19:32:13_
--------
