【登录信息】
*cc576a32534bd10cf11966175ba8340d*
`登陆天数: 156天 / 1418天
等级: 134
石头: 2149
呼符: 0
体力: 776.5433333333333 / 139
友情点: 80 / 37434210`
*連続ログイン2日目
※ログインが途切れるか、7日到達すると
1日目から再開されます*
`聖晶石 X 1
10月交換券(2023) X 1
`*日替りログインボーナス*
*開催期間中、1日1回 2週間日替りでログインボーナスをプレゼント！*
`巡霊の葉 X 30
`_2023-10-21 19:32:06_
--------
*338b52c4b212333e75bad46a0955b9ed*
`登陆天数: 71天 / 1417天
等级: 129
石头: 2824
呼符: 0
体力: 16566.466666666667 / 138
友情点: 360 / 51414770`
*連続ログイン1日目
※ログインが途切れるか、7日到達すると
1日目から再開されます*
`フレンドポイント X 2000
10月交換券(2023) X 1
`*【リリース3000日突破記念特別】
ログインボーナス*
*開催期間中、1日1回 最大7回 回数ログインボーナスをプレゼント！*
`呼符 X 1
`_2023-10-21 19:32:15_
--------
