【登录信息】
*cc576a32534bd10cf11966175ba8340d*
`登陆天数: 157天 / 1419天
等级: 134
石头: 2149
呼符: 0
体力: 1064.4533333333334 / 139
友情点: 100 / 37434310`
*連続ログイン3日目
※ログインが途切れるか、7日到達すると
1日目から再開されます*
`叡智の業火 X 1
10月交換券(2023) X 1
`*日替りログインボーナス*
*開催期間中、1日1回 2週間日替りでログインボーナスをプレゼント！*
`巡霊の葉 X 30
`_2023-10-22 19:31:39_
--------
*338b52c4b212333e75bad46a0955b9ed*
`登陆天数: 72天 / 1418天
等级: 129
石头: 2824
呼符: 0
体力: 16854.376666666667 / 138
友情点: 40 / 51414810`
*連続ログイン2日目
※ログインが途切れるか、7日到達すると
1日目から再開されます*
`聖晶石 X 1
10月交換券(2023) X 1
`*日替りログインボーナス*
*開催期間中、1日1回 2週間日替りでログインボーナスをプレゼント！*
`巡霊の葉 X 30
`_2023-10-22 19:31:48_
--------
