【登录信息】
*cc576a32534bd10cf11966175ba8340d*
`登陆天数: 158天 / 1420天
等级: 134
石头: 2149
呼符: 0
体力: 1352.5433333333333 / 139
友情点: 280 / 37434990`
*連続ログイン4日目
※ログインが途切れるか、7日到達すると
1日目から再開されます*
`聖晶石 X 1
10月交換券(2023) X 1
`*日替りログインボーナス*
*開催期間中、1日1回 2週間日替りでログインボーナスをプレゼント！*
`巡霊の葉 X 30
`_2023-10-23 19:32:06_
--------
*338b52c4b212333e75bad46a0955b9ed*
`登陆天数: 73天 / 1419天
等级: 129
石头: 2824
呼符: 0
体力: 17142.463333333333 / 138
友情点: 90 / 51414900`
*連続ログイン3日目
※ログインが途切れるか、7日到達すると
1日目から再開されます*
`叡智の業火 X 1
10月交換券(2023) X 1
`*日替りログインボーナス*
*開催期間中、1日1回 2週間日替りでログインボーナスをプレゼント！*
`巡霊の葉 X 30
`_2023-10-23 19:32:14_
--------
