【登录信息】
*cc576a32534bd10cf11966175ba8340d*
`登陆天数: 159天 / 1421天
等级: 134
石头: 2149
呼符: 0
体力: 1640.5033333333333 / 139
友情点: 720 / 37435710`
*連続ログイン5日目
※ログインが途切れるか、7日到達すると
1日目から再開されます*
`叡智の業火 X 2
10月交換券(2023) X 1
`*日替りログインボーナス*
*開催期間中、1日1回 2週間日替りでログインボーナスをプレゼント！*
`聖晶石 X 3
巡霊の葉 X 50
`_2023-10-24 19:31:54_
--------
*338b52c4b212333e75bad46a0955b9ed*
`登陆天数: 74天 / 1420天
等级: 129
石头: 2824
呼符: 0
体力: 17430.423333333332 / 138
友情点: 490 / 51415400`
*連続ログイン4日目
※ログインが途切れるか、7日到達すると
1日目から再開されます*
`聖晶石 X 1
10月交換券(2023) X 1
`*日替りログインボーナス*
*開催期間中、1日1回 2週間日替りでログインボーナスをプレゼント！*
`聖晶石 X 3
巡霊の葉 X 50
`_2023-10-24 19:32:02_
--------
