【登录信息】
*cc576a32534bd10cf11966175ba8340d*
`登陆天数: 160天 / 1422天
等级: 134
石头: 2157
呼符: 0
体力: 1928.5033333333333 / 139
友情点: 60 / 37436150`
*連続ログイン6日目
※ログインが途切れるか、7日到達すると
1日目から再開されます*
`聖晶石 X 2
10月交換券(2023) X 1
`*FGO カルデア放送局 ライト版 聖杯戦線 ～白天の城、黒夜の城～放送記念 初回ログインボーナス*
*開催期間中、初回ログインで「聖晶石×14」をプレゼント！*
`聖晶石 X 14
`_2023-10-25 19:31:54_
--------
*338b52c4b212333e75bad46a0955b9ed*
`登陆天数: 75天 / 1421天
等级: 129
石头: 2824
呼符: 0
体力: 17718.426666666666 / 138
友情点: 100 / 51415500`
*連続ログイン5日目
※ログインが途切れるか、7日到達すると
1日目から再開されます*
`叡智の業火 X 2
10月交換券(2023) X 1
`*FGO カルデア放送局 ライト版 聖杯戦線 ～白天の城、黒夜の城～放送記念 初回ログインボーナス*
*開催期間中、初回ログインで「聖晶石×14」をプレゼント！*
`聖晶石 X 14
`_2023-10-25 19:32:03_
--------
