【登录信息】
*cc576a32534bd10cf11966175ba8340d*
`登陆天数: 109天 / 1538天
等级: 134
石头: 1639
呼符: 0
体力: 122.69 / 139
友情点: 75 / 36812925`
*連続ログイン4日目
※ログインが途切れるか、7日到達すると
1日目から再開されます*
`聖晶石 X 1
9月交換券(2024) X 1
`*奏章Ⅲ 新霊長後継戦 アーキタイプ・インセプション 開幕記念 ログインボーナス*
*開催期間中、1日1回 最大78回 ログインボーナスをプレゼント！*
`白銀の果実 X 1
`_2024-08-31 19:35:20_
--------
*338b52c4b212333e75bad46a0955b9ed*
`登陆天数: 109天 / 1530天
等级: 129
石头: 2824
呼符: 0
体力: 107287.11333333333 / 138
友情点: 0 / 51415750`
*連続ログイン4日目
※ログインが途切れるか、7日到達すると
1日目から再開されます*
`聖晶石 X 1
9月交換券(2024) X 1
`*奏章Ⅲ 新霊長後継戦 アーキタイプ・インセプション 開幕記念 ログインボーナス*
*開催期間中、1日1回 最大78回 ログインボーナスをプレゼント！*
`白銀の果実 X 1
`_2024-08-31 19:35:29_
--------
