【登录信息】
*cc576a32534bd10cf11966175ba8340d*
`登陆天数: 110天 / 1539天
等级: 134
石头: 1645
呼符: 0
体力: 295.4 / 139
友情点: 40 / 36813765`
*連続ログイン5日目
※ログインが途切れるか、7日到達すると
1日目から再開されます*
`叡智の業火 X 2
9月交換券(2024) X 1
`*奏章Ⅲ 新霊長後継戦 アーキタイプ・インセプション 開幕記念 ログインボーナス*
*開催期間中、1日1回 最大78回 ログインボーナスをプレゼント！*
`白銀の果実 X 1
`_2024-09-02 10:56:27_
--------
*338b52c4b212333e75bad46a0955b9ed*
`登陆天数: 110天 / 1531天
等级: 129
石头: 2824
呼符: 0
体力: 107759.33 / 138
友情点: 0 / 51415750`
*連続ログイン5日目
※ログインが途切れるか、7日到達すると
1日目から再開されます*
`叡智の業火 X 2
9月交換券(2024) X 1
`*使用期限付コンティニューアイテムプレゼント！*
*開催期間中、初回ログインでコンティニューアイテム「霊脈石×3」をプレゼント！*
`霊脈石 X 3
`_2024-09-02 10:56:35_
--------
