【登录信息】
*cc576a32534bd10cf11966175ba8340d*
`登陆天数: 112天 / 1541天
等级: 134
石头: 1653
呼符: 0
体力: 196.57666666666665 / 139
友情点: 10 / 36814325`
*連続ログイン7日間到達おめでとうございます！
明日は1日目からリスタートされます。*
`獣の足跡 X 1
呼符 X 1
9月交換券(2024) X 1
`*奏章Ⅲ 新霊長後継戦 アーキタイプ・インセプション 開幕記念 ログインボーナス*
*開催期間中、1日1回 最大78回 ログインボーナスをプレゼント！*
`黄金の果実 X 1
`_2024-09-03 19:36:25_
--------
*338b52c4b212333e75bad46a0955b9ed*
`登陆天数: 112天 / 1533天
等级: 129
石头: 2824
呼符: 0
体力: 108151.33 / 138
友情点: 0 / 51415750`
*連続ログイン7日間到達おめでとうございます！
明日は1日目からリスタートされます。*
`獣の足跡 X 1
呼符 X 1
9月交換券(2024) X 1
`*奏章Ⅲ 新霊長後継戦 アーキタイプ・インセプション 開幕記念 ログインボーナス*
*開催期間中、1日1回 最大78回 ログインボーナスをプレゼント！*
`白銀の果実 X 1
`_2024-09-03 19:36:34_
--------
