【登录信息】
*cc576a32534bd10cf11966175ba8340d*
`登陆天数: 113天 / 1542天
等级: 134
石头: 1653
呼符: 1
体力: 202.77666666666667 / 139
友情点: 10 / 36814410`
*連続ログイン1日目
※ログインが途切れるか、7日到達すると
1日目から再開されます*
`フレンドポイント X 2000
9月交換券(2024) X 1
`*奏章Ⅲ 新霊長後継戦 アーキタイプ・インセプション 開幕記念 ログインボーナス*
*開催期間中、1日1回 最大78回 ログインボーナスをプレゼント！*
`白銀の果実 X 1
`_2024-09-04 19:35:27_
--------
*338b52c4b212333e75bad46a0955b9ed*
`登陆天数: 113天 / 1534天
等级: 129
石头: 2824
呼符: 0
体力: 108439.13666666667 / 138
友情点: 0 / 51415750`
*連続ログイン1日目
※ログインが途切れるか、7日到達すると
1日目から再開されます*
`フレンドポイント X 2000
9月交換券(2024) X 1
`*奏章Ⅲ 新霊長後継戦 アーキタイプ・インセプション 開幕記念 ログインボーナス*
*開催期間中、1日1回 最大78回 ログインボーナスをプレゼント！*
`黄金の果実 X 1
`_2024-09-04 19:35:36_
--------
