【登录信息】
*cc576a32534bd10cf11966175ba8340d*
`登陆天数: 114天 / 1543天
等级: 134
石头: 1663
呼符: 1
体力: 190.01333333333332 / 139
友情点: 10 / 36816475`
*連続ログイン2日目
※ログインが途切れるか、7日到達すると
1日目から再開されます*
`聖晶石 X 1
9月交換券(2024) X 1
`*「奏章Ⅲ 新霊長後継戦 アーキタイプ・インセプション」(中編)開幕直前カウントダウンログインボーナス*
*開催期間中、1日1回 6日間日替わりでログインボーナスをプレゼント！*
`黄金の果実 X 3
`_2024-09-05 19:35:18_
--------
*338b52c4b212333e75bad46a0955b9ed*
`登陆天数: 114天 / 1535天
等级: 129
石头: 2824
呼符: 0
体力: 108727.10333333333 / 138
友情点: 0 / 51415750`
*連続ログイン2日目
※ログインが途切れるか、7日到達すると
1日目から再開されます*
`聖晶石 X 1
9月交換券(2024) X 1
`*「奏章Ⅲ 新霊長後継戦 アーキタイプ・インセプション」(中編)開幕直前カウントダウンログインボーナス*
*開催期間中、1日1回 6日間日替わりでログインボーナスをプレゼント！*
`黄金の果実 X 3
`_2024-09-05 19:35:26_
--------
