【登录信息】
*cc576a32534bd10cf11966175ba8340d*
`登陆天数: 115天 / 1544天
等级: 135
石头: 1665
呼符: 1
体力: 198.45333333333332 / 139
友情点: 10 / 36816555`
*連続ログイン3日目
※ログインが途切れるか、7日到達すると
1日目から再開されます*
`叡智の業火 X 1
9月交換券(2024) X 1
`*「奏章Ⅲ 新霊長後継戦 アーキタイプ・インセプション」(中編)開幕直前カウントダウンログインボーナス*
*開催期間中、1日1回 6日間日替わりでログインボーナスをプレゼント！*
`叡智の業火 X 10
`_2024-09-06 19:36:11_
--------
*338b52c4b212333e75bad46a0955b9ed*
`登陆天数: 115天 / 1536天
等级: 129
石头: 2824
呼符: 0
体力: 109015.28333333334 / 138
友情点: 0 / 51415750`
*連続ログイン3日目
※ログインが途切れるか、7日到達すると
1日目から再開されます*
`叡智の業火 X 1
9月交換券(2024) X 1
`*「奏章Ⅲ 新霊長後継戦 アーキタイプ・インセプション」(中編)開幕直前カウントダウンログインボーナス*
*開催期間中、1日1回 6日間日替わりでログインボーナスをプレゼント！*
`叡智の業火 X 10
`_2024-09-06 19:36:20_
--------
