【登录信息】
*cc576a32534bd10cf11966175ba8340d*
`登陆天数: 116天 / 1545天
等级: 135
石头: 1665
呼符: 0
体力: 136.6 / 139
友情点: 0 / 36816640`
*連続ログイン4日目
※ログインが途切れるか、7日到達すると
1日目から再開されます*
`聖晶石 X 1
9月交換券(2024) X 1
`*「奏章Ⅲ 新霊長後継戦 アーキタイプ・インセプション」(中編)開幕直前カウントダウンログインボーナス*
*開催期間中、1日1回 6日間日替わりでログインボーナスをプレゼント！*
`QP X 3000000
`_2024-09-07 19:35:37_
--------
*338b52c4b212333e75bad46a0955b9ed*
`登陆天数: 116天 / 1537天
等级: 129
石头: 2824
呼符: 0
体力: 109303.17 / 138
友情点: 0 / 51415750`
*連続ログイン4日目
※ログインが途切れるか、7日到達すると
1日目から再開されます*
`聖晶石 X 1
9月交換券(2024) X 1
`*「奏章Ⅲ 新霊長後継戦 アーキタイプ・インセプション」(中編)開幕直前カウントダウンログインボーナス*
*開催期間中、1日1回 6日間日替わりでログインボーナスをプレゼント！*
`QP X 3000000
`_2024-09-07 19:35:46_
--------
