【登录信息】
*cc576a32534bd10cf11966175ba8340d*
`登陆天数: 117天 / 1546天
等级: 135
石头: 1666
呼符: 0
体力: 120.69666666666666 / 139
友情点: 0 / 36816745`
*連続ログイン5日目
※ログインが途切れるか、7日到達すると
1日目から再開されます*
`叡智の業火 X 2
9月交換券(2024) X 1
`*「奏章Ⅲ 新霊長後継戦 アーキタイプ・インセプション」(中編)開幕直前カウントダウンログインボーナス*
*開催期間中、1日1回 6日間日替わりでログインボーナスをプレゼント！*
`英霊結晶・星のフォウくん X 10
`_2024-09-08 19:35:48_
--------
*338b52c4b212333e75bad46a0955b9ed*
`登陆天数: 117天 / 1538天
等级: 129
石头: 2824
呼符: 0
体力: 109591.20666666667 / 138
友情点: 0 / 51415750`
*連続ログイン5日目
※ログインが途切れるか、7日到達すると
1日目から再開されます*
`叡智の業火 X 2
9月交換券(2024) X 1
`*「奏章Ⅲ 新霊長後継戦 アーキタイプ・インセプション」(中編)開幕直前カウントダウンログインボーナス*
*開催期間中、1日1回 6日間日替わりでログインボーナスをプレゼント！*
`英霊結晶・星のフォウくん X 10
`_2024-09-08 19:35:57_
--------
