【登录信息】
*cc576a32534bd10cf11966175ba8340d*
`登陆天数: 120天 / 1549天
等级: 135
石头: 1676
呼符: 0
体力: 116.53 / 139
友情点: 0 / 36818035`
*連続ログイン1日目
※ログインが途切れるか、7日到達すると
1日目から再開されます*
`フレンドポイント X 2000
9月交換券(2024) X 1
`*奏章Ⅲ 新霊長後継戦 アーキタイプ・インセプション 開幕記念 ログインボーナス*
*開催期間中、1日1回 最大78回 ログインボーナスをプレゼント！*
`白銀の果実 X 1
`_2024-09-11 19:36:24_
--------
*338b52c4b212333e75bad46a0955b9ed*
`登陆天数: 120天 / 1541天
等级: 129
石头: 2824
呼符: 0
体力: 110455.32333333333 / 138
友情点: 0 / 51415750`
*連続ログイン1日目
※ログインが途切れるか、7日到達すると
1日目から再開されます*
`フレンドポイント X 2000
9月交換券(2024) X 1
`*奏章Ⅲ 新霊長後継戦 アーキタイプ・インセプション 開幕記念 ログインボーナス*
*開催期間中、1日1回 最大78回 ログインボーナスをプレゼント！*
`黄金の果実 X 1
`_2024-09-11 19:36:32_
--------
