【登录信息】
*cc576a32534bd10cf11966175ba8340d*
`登陆天数: 128天 / 1557天
等级: 135
石头: 1728
呼符: 0
体力: 196.38666666666666 / 139
友情点: 0 / 36791120`
*連続ログイン2日目
※ログインが途切れるか、7日到達すると
1日目から再開されます*
`聖晶石 X 1
9月交換券(2024) X 1
`*「奏章Ⅲ 新霊長後継戦 アーキタイプ・インセプション」(後編)
開幕直前&攻略応援特別ログインボーナス*
*開催期間中、1日1回 最大8回 ログインボーナスをプレゼント！*
`QP X 3000000
`_2024-09-19 19:35:31_
--------
*338b52c4b212333e75bad46a0955b9ed*
`登陆天数: 128天 / 1549天
等级: 129
石头: 2824
呼符: 0
体力: 112759.15333333334 / 138
友情点: 0 / 51415750`
*連続ログイン2日目
※ログインが途切れるか、7日到達すると
1日目から再開されます*
`聖晶石 X 1
9月交換券(2024) X 1
`*「奏章Ⅲ 新霊長後継戦 アーキタイプ・インセプション」(後編)
開幕直前&攻略応援特別ログインボーナス*
*開催期間中、1日1回 最大8回 ログインボーナスをプレゼント！*
`QP X 3000000
`_2024-09-19 19:35:41_
--------
