【登录信息】
*cc576a32534bd10cf11966175ba8340d*
`登陆天数: 129天 / 1558天
等级: 135
石头: 1661
呼符: 0
体力: 124.12 / 139
友情点: 0 / 36694555`
*連続ログイン3日目
※ログインが途切れるか、7日到達すると
1日目から再開されます*
`叡智の業火 X 1
9月交換券(2024) X 1
`*「奏章Ⅲ 新霊長後継戦 アーキタイプ・インセプション」(後編)
開幕直前&攻略応援特別ログインボーナス*
*開催期間中、1日1回 最大8回 ログインボーナスをプレゼント！*
`英霊結晶・星のフォウくん X 10
`_2024-09-20 19:35:28_
--------
*338b52c4b212333e75bad46a0955b9ed*
`登陆天数: 129天 / 1550天
等级: 129
石头: 2824
呼符: 0
体力: 113047.13666666667 / 138
友情点: 0 / 51415750`
*連続ログイン3日目
※ログインが途切れるか、7日到達すると
1日目から再開されます*
`叡智の業火 X 1
9月交換券(2024) X 1
`*「奏章Ⅲ 新霊長後継戦 アーキタイプ・インセプション」(後編)
開幕直前&攻略応援特別ログインボーナス*
*開催期間中、1日1回 最大8回 ログインボーナスをプレゼント！*
`英霊結晶・星のフォウくん X 10
`_2024-09-20 19:35:36_
--------
