【登录信息】
*cc576a32534bd10cf11966175ba8340d*
`登陆天数: 131天 / 1560天
等级: 135
石头: 1685
呼符: 0
体力: 93.10333333333332 / 139
友情点: 10 / 36664815`
*連続ログイン5日目
※ログインが途切れるか、7日到達すると
1日目から再開されます*
`叡智の業火 X 2
9月交換券(2024) X 1
`*「京都国際マンガ・アニメフェア2024」出展記念 初回ログインボーナス*
*開催期間中、初回ログインで「聖晶石×10」をプレゼント！*
`聖晶石 X 10
`_2024-09-22 19:35:33_
--------
*338b52c4b212333e75bad46a0955b9ed*
`登陆天数: 131天 / 1552天
等级: 129
石头: 2824
呼符: 0
体力: 113623.15333333334 / 138
友情点: 0 / 51415750`
*連続ログイン5日目
※ログインが途切れるか、7日到達すると
1日目から再開されます*
`叡智の業火 X 2
9月交換券(2024) X 1
`*「京都国際マンガ・アニメフェア2024」出展記念 初回ログインボーナス*
*開催期間中、初回ログインで「聖晶石×10」をプレゼント！*
`聖晶石 X 10
`_2024-09-22 19:35:42_
--------
