【登录信息】
*cc576a32534bd10cf11966175ba8340d*
`登陆天数: 133天 / 1562天
等级: 135
石头: 1697
呼符: 0
体力: 133.71 / 139
友情点: 0 / 36665170`
*連続ログイン7日間到達おめでとうございます！
明日は1日目からリスタートされます。*
`獣の足跡 X 1
呼符 X 1
9月交換券(2024) X 1
`*「奏章Ⅲ 新霊長後継戦 アーキタイプ・インセプション」(後編)
開幕直前&攻略応援特別ログインボーナス*
*開催期間中、1日1回 最大8回 ログインボーナスをプレゼント！*
`星見のティーポット X 3
`_2024-09-24 19:36:31_
--------
*338b52c4b212333e75bad46a0955b9ed*
`登陆天数: 133天 / 1554天
等级: 129
石头: 2824
呼符: 0
体力: 114199.34666666666 / 138
友情点: 0 / 51415750`
*連続ログイン7日間到達おめでとうございます！
明日は1日目からリスタートされます。*
`獣の足跡 X 1
呼符 X 1
9月交換券(2024) X 1
`*「奏章Ⅲ 新霊長後継戦 アーキタイプ・インセプション」(後編)
開幕直前&攻略応援特別ログインボーナス*
*開催期間中、1日1回 最大8回 ログインボーナスをプレゼント！*
`星見のティーポット X 3
`_2024-09-24 19:36:39_
--------
