【登录信息】
*cc576a32534bd10cf11966175ba8340d*
`登陆天数: 134天 / 1563天
等级: 135
石头: 1700
呼符: 0
体力: 154.80333333333334 / 139
友情点: 0 / 36665245`
*連続ログイン1日目
※ログインが途切れるか、7日到達すると
1日目から再開されます*
`フレンドポイント X 2000
9月交換券(2024) X 1
`*奏章Ⅲ 新霊長後継戦 アーキタイプ・インセプション 開幕記念 ログインボーナス*
*開催期間中、1日1回 最大78回 ログインボーナスをプレゼント！*
`白銀の果実 X 1
`_2024-09-25 19:35:21_
--------
*338b52c4b212333e75bad46a0955b9ed*
`登陆天数: 134天 / 1555天
等级: 129
石头: 2824
呼符: 0
体力: 114487.11333333333 / 138
友情点: 0 / 51415750`
*連続ログイン1日目
※ログインが途切れるか、7日到達すると
1日目から再開されます*
`フレンドポイント X 2000
9月交換券(2024) X 1
`*奏章Ⅲ 新霊長後継戦 アーキタイプ・インセプション 開幕記念 ログインボーナス*
*開催期間中、1日1回 最大78回 ログインボーナスをプレゼント！*
`黄金の果実 X 1
`_2024-09-25 19:35:29_
--------
