【登录信息】
*cc576a32534bd10cf11966175ba8340d*
`登陆天数: 140天 / 1569天
等级: 135
石头: 1718
呼符: 0
体力: 157.37 / 139
友情点: 0 / 36667945`
*連続ログイン7日間到達おめでとうございます！
明日は1日目からリスタートされます。*
`獣の足跡 X 1
呼符 X 1
10月交換券(2024) X 1
`*奏章Ⅲ 新霊長後継戦 アーキタイプ・インセプション 開幕記念 ログインボーナス*
*開催期間中、1日1回 最大78回 ログインボーナスをプレゼント！*
`黄金の果実 X 1
`_2024-10-01 19:35:46_
--------
*338b52c4b212333e75bad46a0955b9ed*
`登陆天数: 140天 / 1561天
等级: 129
石头: 2824
呼符: 0
体力: 116215.2 / 138
友情点: 0 / 51415750`
*連続ログイン7日間到達おめでとうございます！
明日は1日目からリスタートされます。*
`獣の足跡 X 1
呼符 X 1
10月交換券(2024) X 1
`*使用期限付コンティニューアイテムプレゼント！*
*開催期間中、初回ログインでコンティニューアイテム「霊脈石×3」をプレゼント！*
`霊脈石 X 3
`_2024-10-01 19:35:55_
--------
