【登录信息】
*cc576a32534bd10cf11966175ba8340d*
`登陆天数: 141天 / 1570天
等级: 135
石头: 1718
呼符: 0
体力: 445.41333333333336 / 139
友情点: 25 / 36667970`
*連続ログイン1日目
※ログインが途切れるか、7日到達すると
1日目から再開されます*
`フレンドポイント X 2000
10月交換券(2024) X 1
`*奏章Ⅲ 新霊長後継戦 アーキタイプ・インセプション 開幕記念 ログインボーナス*
*開催期間中、1日1回 最大78回 ログインボーナスをプレゼント！*
`白銀の果実 X 1
`_2024-10-02 19:36:00_
--------
*338b52c4b212333e75bad46a0955b9ed*
`登陆天数: 141天 / 1562天
等级: 129
石头: 2824
呼符: 0
体力: 116503.24666666667 / 138
友情点: 0 / 51415750`
*連続ログイン1日目
※ログインが途切れるか、7日到達すると
1日目から再開されます*
`フレンドポイント X 2000
10月交換券(2024) X 1
`*奏章Ⅲ 新霊長後継戦 アーキタイプ・インセプション 開幕記念 ログインボーナス*
*開催期間中、1日1回 最大78回 ログインボーナスをプレゼント！*
`黄金の果実 X 1
`_2024-10-02 19:36:09_
--------
