【登录信息】
*cc576a32534bd10cf11966175ba8340d*
`登陆天数: 143天 / 1572天
等级: 135
石头: 1719
呼符: 13
体力: 1021.3233333333334 / 139
友情点: 0 / 36669970`
*連続ログイン3日目
※ログインが途切れるか、7日到達すると
1日目から再開されます*
`叡智の業火 X 1
10月交換券(2024) X 1
`*3000万DL記念 特別回数ログインボーナス*
*開催期間中、1日1回 最大10回 回数ログインボーナスをプレゼント！*
`白銀の果実 X 30
`_2024-10-04 19:35:33_
--------
*338b52c4b212333e75bad46a0955b9ed*
`登陆天数: 143天 / 1564天
等级: 129
石头: 2824
呼符: 0
体力: 117079.17666666667 / 138
友情点: 0 / 51415750`
*連続ログイン3日目
※ログインが途切れるか、7日到達すると
1日目から再開されます*
`叡智の業火 X 1
10月交換券(2024) X 1
`*3000万DL記念 特別回数ログインボーナス*
*開催期間中、1日1回 最大10回 回数ログインボーナスをプレゼント！*
`白銀の果実 X 30
`_2024-10-04 19:35:42_
--------
