【登录信息】
*cc576a32534bd10cf11966175ba8340d*
`登陆天数: 145天 / 1574天
等级: 135
石头: 1724
呼符: 13
体力: 400.5733333333333 / 139
友情点: 0 / 36666055`
*連続ログイン5日目
※ログインが途切れるか、7日到達すると
1日目から再開されます*
`叡智の業火 X 2
10月交換券(2024) X 1
`*3000万DL突破記念 10万リポスト達成プレゼント*
*開催期間中、初回ログインで「聖晶石×30」をプレゼント！*
`聖晶石 X 30
`_2024-10-06 19:36:01_
--------
*338b52c4b212333e75bad46a0955b9ed*
`登陆天数: 145天 / 1566天
等级: 129
石头: 2824
呼符: 0
体力: 117655.25 / 138
友情点: 0 / 51415750`
*連続ログイン5日目
※ログインが途切れるか、7日到達すると
1日目から再開されます*
`叡智の業火 X 2
10月交換券(2024) X 1
`*3000万DL突破記念 10万リポスト達成プレゼント*
*開催期間中、初回ログインで「聖晶石×30」をプレゼント！*
`聖晶石 X 30
`_2024-10-06 19:36:10_
--------
