【登录信息】
*cc576a32534bd10cf11966175ba8340d*
`登陆天数: 146天 / 1575天
等级: 135
石头: 1765
呼符: 13
体力: 190.73333333333335 / 139
友情点: 0 / 36666130`
*連続ログイン6日目
※ログインが途切れるか、7日到達すると
1日目から再開されます*
`聖晶石 X 2
10月交換券(2024) X 1
`*3000万DL記念 特別回数ログインボーナス*
*開催期間中、1日1回 最大10回 回数ログインボーナスをプレゼント！*
`QP X 30000000
`_2024-10-07 19:35:44_
--------
*338b52c4b212333e75bad46a0955b9ed*
`登陆天数: 146天 / 1567天
等级: 129
石头: 2824
呼符: 0
体力: 117943.19 / 138
友情点: 0 / 51415750`
*連続ログイン6日目
※ログインが途切れるか、7日到達すると
1日目から再開されます*
`聖晶石 X 2
10月交換券(2024) X 1
`*3000万DL記念 特別回数ログインボーナス*
*開催期間中、1日1回 最大10回 回数ログインボーナスをプレゼント！*
`QP X 30000000
`_2024-10-07 19:35:52_
--------
