【登录信息】
*cc576a32534bd10cf11966175ba8340d*
`登陆天数: 147天 / 1576天
等级: 135
石头: 1765
呼符: 13
体力: 478.58 / 139
友情点: 0 / 36666130`
*連続ログイン7日間到達おめでとうございます！
明日は1日目からリスタートされます。*
`獣の足跡 X 1
呼符 X 1
10月交換券(2024) X 1
`*3000万DL記念 特別回数ログインボーナス*
*開催期間中、1日1回 最大10回 回数ログインボーナスをプレゼント！*
`英霊結晶・星のフォウくん X 30
英霊結晶・太陽のフォウくん X 30
`_2024-10-08 19:34:57_
--------
*338b52c4b212333e75bad46a0955b9ed*
`登陆天数: 147天 / 1568天
等级: 129
石头: 2824
呼符: 0
体力: 118231.03666666667 / 138
友情点: 0 / 51415750`
*連続ログイン7日間到達おめでとうございます！
明日は1日目からリスタートされます。*
`獣の足跡 X 1
呼符 X 1
10月交換券(2024) X 1
`*3000万DL記念 特別回数ログインボーナス*
*開催期間中、1日1回 最大10回 回数ログインボーナスをプレゼント！*
`英霊結晶・星のフォウくん X 30
英霊結晶・太陽のフォウくん X 30
`_2024-10-08 19:35:06_
--------
