【登录信息】
*cc576a32534bd10cf11966175ba8340d*
`登陆天数: 148天 / 1577天
等级: 135
石头: 1767
呼符: 14
体力: 766.7833333333333 / 139
友情点: 0 / 36666130`
*連続ログイン1日目
※ログインが途切れるか、7日到達すると
1日目から再開されます*
`フレンドポイント X 2000
10月交換券(2024) X 1
`*「10月開幕予定 期間限定イベント」直前ログインボーナス*
*開催期間中、1日1回 最大7回 ログインボーナスをプレゼント！*
`聖晶石 X 1
霊脈石 X 1
`_2024-10-09 19:35:59_
--------
*338b52c4b212333e75bad46a0955b9ed*
`登陆天数: 148天 / 1569天
等级: 129
石头: 2824
呼符: 0
体力: 118519.24 / 138
友情点: 0 / 51415750`
*連続ログイン1日目
※ログインが途切れるか、7日到達すると
1日目から再開されます*
`フレンドポイント X 2000
10月交換券(2024) X 1
`*「10月開幕予定 期間限定イベント」直前ログインボーナス*
*開催期間中、1日1回 最大7回 ログインボーナスをプレゼント！*
`聖晶石 X 1
霊脈石 X 1
`_2024-10-09 19:36:07_
--------
