【登录信息】
*cc576a32534bd10cf11966175ba8340d*
`登陆天数: 149天 / 1578天
等级: 136
石头: 1771
呼符: 0
体力: 155.94666666666666 / 139
友情点: 10 / 36668290`
*連続ログイン2日目
※ログインが途切れるか、7日到達すると
1日目から再開されます*
`聖晶石 X 1
10月交換券(2024) X 1
`*「10月開幕予定 期間限定イベント」直前ログインボーナス*
*開催期間中、1日1回 最大7回 ログインボーナスをプレゼント！*
`黄金の果実 X 1
霊脈石 X 1
`_2024-10-10 19:35:39_
--------
*338b52c4b212333e75bad46a0955b9ed*
`登陆天数: 149天 / 1570天
等级: 129
石头: 2824
呼符: 0
体力: 118807.17666666667 / 138
友情点: 0 / 51415750`
*連続ログイン2日目
※ログインが途切れるか、7日到達すると
1日目から再開されます*
`聖晶石 X 1
10月交換券(2024) X 1
`*「10月開幕予定 期間限定イベント」直前ログインボーナス*
*開催期間中、1日1回 最大7回 ログインボーナスをプレゼント！*
`黄金の果実 X 1
霊脈石 X 1
`_2024-10-10 19:35:48_
--------
