【登录信息】
*cc576a32534bd10cf11966175ba8340d*
`登陆天数: 150天 / 1579天
等级: 136
石头: 1771
呼符: 0
体力: 443.93 / 139
友情点: 45 / 36668335`
*連続ログイン3日目
※ログインが途切れるか、7日到達すると
1日目から再開されます*
`叡智の業火 X 1
10月交換券(2024) X 1
`*「10月開幕予定 期間限定イベント」直前ログインボーナス*
*開催期間中、1日1回 最大7回 ログインボーナスをプレゼント！*
`QP X 2000000
霊脈石 X 1
`_2024-10-11 19:35:35_
--------
*338b52c4b212333e75bad46a0955b9ed*
`登陆天数: 150天 / 1571天
等级: 129
石头: 2824
呼符: 0
体力: 119095.16 / 138
友情点: 0 / 51415750`
*連続ログイン3日目
※ログインが途切れるか、7日到達すると
1日目から再開されます*
`叡智の業火 X 1
10月交換券(2024) X 1
`*「10月開幕予定 期間限定イベント」直前ログインボーナス*
*開催期間中、1日1回 最大7回 ログインボーナスをプレゼント！*
`QP X 2000000
霊脈石 X 1
`_2024-10-11 19:35:43_
--------
