【登录信息】
*cc576a32534bd10cf11966175ba8340d*
`登陆天数: 152天 / 1581天
等级: 136
石头: 1771
呼符: 0
体力: 1019.8666666666667 / 139
友情点: 35 / 36668370`
*連続ログイン5日目
※ログインが途切れるか、7日到達すると
1日目から再開されます*
`叡智の業火 X 2
10月交換券(2024) X 1
`*「10月開幕予定 期間限定イベント」直前ログインボーナス*
*開催期間中、1日1回 最大7回 ログインボーナスをプレゼント！*
`英霊結晶・星のフォウくん X 5
霊脈石 X 1
`_2024-10-13 19:35:15_
--------
*338b52c4b212333e75bad46a0955b9ed*
`登陆天数: 152天 / 1573天
等级: 129
石头: 2824
呼符: 0
体力: 119671.09666666666 / 138
友情点: 0 / 51415750`
*連続ログイン5日目
※ログインが途切れるか、7日到達すると
1日目から再開されます*
`叡智の業火 X 2
10月交換券(2024) X 1
`*「10月開幕予定 期間限定イベント」直前ログインボーナス*
*開催期間中、1日1回 最大7回 ログインボーナスをプレゼント！*
`英霊結晶・星のフォウくん X 5
霊脈石 X 1
`_2024-10-13 19:35:24_
--------
