【登录信息】
*cc576a32534bd10cf11966175ba8340d*
`登陆天数: 153天 / 1582天
等级: 136
石头: 1771
呼符: 0
体力: 1307.9366666666667 / 139
友情点: 0 / 36668370`
*連続ログイン6日目
※ログインが途切れるか、7日到達すると
1日目から再開されます*
`聖晶石 X 2
10月交換券(2024) X 1
`*「10月開幕予定 期間限定イベント」直前ログインボーナス*
*開催期間中、1日1回 最大7回 ログインボーナスをプレゼント！*
`英霊結晶・太陽のフォウくん X 5
霊脈石 X 1
`_2024-10-14 19:35:36_
--------
*338b52c4b212333e75bad46a0955b9ed*
`登陆天数: 153天 / 1574天
等级: 129
石头: 2824
呼符: 0
体力: 119959.16666666667 / 138
友情点: 0 / 51415750`
*連続ログイン6日目
※ログインが途切れるか、7日到達すると
1日目から再開されます*
`聖晶石 X 2
10月交換券(2024) X 1
`*「10月開幕予定 期間限定イベント」直前ログインボーナス*
*開催期間中、1日1回 最大7回 ログインボーナスをプレゼント！*
`英霊結晶・太陽のフォウくん X 5
霊脈石 X 1
`_2024-10-14 19:35:45_
--------
