【登录信息】
*cc576a32534bd10cf11966175ba8340d*
`登陆天数: 154天 / 1583天
等级: 136
石头: 1806
呼符: 0
体力: 1596.0333333333333 / 139
友情点: 0 / 36668370`
*連続ログイン7日間到達おめでとうございます！
明日は1日目からリスタートされます。*
`獣の足跡 X 1
呼符 X 1
10月交換券(2024) X 1
`*「10月開幕予定 期間限定イベント」直前ログインボーナス*
*開催期間中、1日1回 最大7回 ログインボーナスをプレゼント！*
`聖晶石 X 1
霊脈石 X 1
`_2024-10-15 19:36:05_
--------
*338b52c4b212333e75bad46a0955b9ed*
`登陆天数: 154天 / 1575天
等级: 129
石头: 2824
呼符: 0
体力: 120247.26666666666 / 138
友情点: 0 / 51415750`
*連続ログイン7日間到達おめでとうございます！
明日は1日目からリスタートされます。*
`獣の足跡 X 1
呼符 X 1
10月交換券(2024) X 1
`*「10月開幕予定 期間限定イベント」直前ログインボーナス*
*開催期間中、1日1回 最大7回 ログインボーナスをプレゼント！*
`聖晶石 X 1
霊脈石 X 1
`_2024-10-15 19:36:14_
--------
