【登录信息】
*cc576a32534bd10cf11966175ba8340d*
`登陆天数: 155天 / 1584天
等级: 136
石头: 1806
呼符: 0
体力: 1883.96 / 139
友情点: 0 / 36668370`
*連続ログイン1日目
※ログインが途切れるか、7日到達すると
1日目から再開されます*
`フレンドポイント X 2000
10月交換券(2024) X 1
`*Fate/Grand Order カルデア放送局 ライト版 ゲーム最新情報 配信記念 初回ログインボーナス*
*開催期間中、初回ログインで「聖晶石×14」をプレゼント！*
`聖晶石 X 14
`_2024-10-16 19:35:44_
--------
*338b52c4b212333e75bad46a0955b9ed*
`登陆天数: 155天 / 1576天
等级: 129
石头: 2824
呼符: 0
体力: 120535.19333333333 / 138
友情点: 0 / 51415750`
*連続ログイン1日目
※ログインが途切れるか、7日到達すると
1日目から再開されます*
`フレンドポイント X 2000
10月交換券(2024) X 1
`*Fate/Grand Order カルデア放送局 ライト版 ゲーム最新情報 配信記念 初回ログインボーナス*
*開催期間中、初回ログインで「聖晶石×14」をプレゼント！*
`聖晶石 X 14
`_2024-10-16 19:35:53_
--------
