【登录信息】
*cc576a32534bd10cf11966175ba8340d*
`登陆天数: 157天 / 1586天
等级: 136
石头: 1646
呼符: 0
体力: 2460.01 / 139
友情点: 0 / 36580370`
*連続ログイン3日目
※ログインが途切れるか、7日到達すると
1日目から再開されます*
`叡智の業火 X 1
10月交換券(2024) X 1
`*妖精双六虫籠遊戯 まだ見ぬ完璧なあなたへ 開幕記念 ログインボーナス*
*開催期間中、1日1回 最大78回 ログインボーナスをプレゼント！*
`白銀の果実 X 1
`_2024-10-18 19:35:59_
--------
*338b52c4b212333e75bad46a0955b9ed*
`登陆天数: 157天 / 1578天
等级: 129
石头: 2824
呼符: 0
体力: 121111.24333333333 / 138
友情点: 0 / 51415750`
*連続ログイン3日目
※ログインが途切れるか、7日到達すると
1日目から再開されます*
`叡智の業火 X 1
10月交換券(2024) X 1
`*妖精双六虫籠遊戯 まだ見ぬ完璧なあなたへ 開幕記念 ログインボーナス*
*開催期間中、1日1回 最大78回 ログインボーナスをプレゼント！*
`白銀の果実 X 1
`_2024-10-18 19:36:08_
--------
