【登录信息】
*cc576a32534bd10cf11966175ba8340d*
`登陆天数: 162天 / 1591天
等级: 136
石头: 1653
呼符: 0
体力: 1290.06 / 139
友情点: 0 / 36580585`
*連続ログイン1日目
※ログインが途切れるか、7日到達すると
1日目から再開されます*
`フレンドポイント X 2000
10月交換券(2024) X 1
`*妖精双六虫籠遊戯 まだ見ぬ完璧なあなたへ 開幕記念 ログインボーナス*
*開催期間中、1日1回 最大78回 ログインボーナスをプレゼント！*
`白銀の果実 X 1
`_2024-10-23 19:36:01_
--------
*338b52c4b212333e75bad46a0955b9ed*
`登陆天数: 162天 / 1583天
等级: 129
石头: 2824
呼符: 0
体力: 122551.24666666667 / 138
友情点: 0 / 51415760`
*連続ログイン1日目
※ログインが途切れるか、7日到達すると
1日目から再開されます*
`フレンドポイント X 2000
10月交換券(2024) X 1
`*妖精双六虫籠遊戯 まだ見ぬ完璧なあなたへ 開幕記念 ログインボーナス*
*開催期間中、1日1回 最大78回 ログインボーナスをプレゼント！*
`黄金の果実 X 1
`_2024-10-23 19:36:09_
--------
