【登录信息】
*cc576a32534bd10cf11966175ba8340d*
`登陆天数: 166天 / 1595天
等级: 136
石头: 1653
呼符: 0
体力: 2441.9533333333334 / 139
友情点: 0 / 36580585`
*連続ログイン5日目
※ログインが途切れるか、7日到達すると
1日目から再開されます*
`叡智の業火 X 2
10月交換券(2024) X 1
`*妖精双六虫籠遊戯 まだ見ぬ完璧なあなたへ 開幕記念 ログインボーナス*
*開催期間中、1日1回 最大78回 ログインボーナスをプレゼント！*
`白銀の果実 X 1
`_2024-10-27 19:35:29_
--------
*338b52c4b212333e75bad46a0955b9ed*
`登陆天数: 166天 / 1587天
等级: 129
石头: 2824
呼符: 0
体力: 123703.14333333333 / 138
友情点: 0 / 51415760`
*連続ログイン5日目
※ログインが途切れるか、7日到達すると
1日目から再開されます*
`叡智の業火 X 2
10月交換券(2024) X 1
`*妖精双六虫籠遊戯 まだ見ぬ完璧なあなたへ 開幕記念 ログインボーナス*
*開催期間中、1日1回 最大78回 ログインボーナスをプレゼント！*
`白銀の果実 X 1
`_2024-10-27 19:35:38_
--------
