【登录信息】
*cc576a32534bd10cf11966175ba8340d*
`登陆天数: 167天 / 1596天
等级: 136
石头: 1653
呼符: 0
体力: 2730.01 / 139
友情点: 0 / 36580585`
*連続ログイン6日目
※ログインが途切れるか、7日到達すると
1日目から再開されます*
`聖晶石 X 2
10月交換券(2024) X 1
`*妖精双六虫籠遊戯 まだ見ぬ完璧なあなたへ 開幕記念 ログインボーナス*
*開催期間中、1日1回 最大78回 ログインボーナスをプレゼント！*
`白銀の果実 X 1
`_2024-10-28 19:35:46_
--------
*338b52c4b212333e75bad46a0955b9ed*
`登陆天数: 167天 / 1588天
等级: 129
石头: 2824
呼符: 0
体力: 123991.2 / 138
友情点: 0 / 51415760`
*連続ログイン6日目
※ログインが途切れるか、7日到達すると
1日目から再開されます*
`聖晶石 X 2
10月交換券(2024) X 1
`*妖精双六虫籠遊戯 まだ見ぬ完璧なあなたへ 開幕記念 ログインボーナス*
*開催期間中、1日1回 最大78回 ログインボーナスをプレゼント！*
`白銀の果実 X 1
`_2024-10-28 19:35:55_
--------
