【登录信息】
*cc576a32534bd10cf11966175ba8340d*
`登陆天数: 168天 / 1597天
等级: 136
石头: 1420
呼符: 0
体力: 3018.04 / 139
友情点: 0 / 36568585`
*連続ログイン7日間到達おめでとうございます！
明日は1日目からリスタートされます。*
`獣の足跡 X 1
呼符 X 1
10月交換券(2024) X 1
`*妖精双六虫籠遊戯 まだ見ぬ完璧なあなたへ 開幕記念 ログインボーナス*
*開催期間中、1日1回 最大78回 ログインボーナスをプレゼント！*
`黄金の果実 X 1
`_2024-10-29 19:35:54_
--------
*338b52c4b212333e75bad46a0955b9ed*
`登陆天数: 168天 / 1589天
等级: 129
石头: 2824
呼符: 0
体力: 124279.22666666667 / 138
友情点: 0 / 51415760`
*連続ログイン7日間到達おめでとうございます！
明日は1日目からリスタートされます。*
`獣の足跡 X 1
呼符 X 1
10月交換券(2024) X 1
`*妖精双六虫籠遊戯 まだ見ぬ完璧なあなたへ 開幕記念 ログインボーナス*
*開催期間中、1日1回 最大78回 ログインボーナスをプレゼント！*
`白銀の果実 X 1
`_2024-10-29 19:36:03_
--------
