【登录信息】
*cc576a32534bd10cf11966175ba8340d*
`登陆天数: 18天 / 1447天
等级: 134
石头: 1443
呼符: 1
体力: 42117.41333333333 / 139
友情点: 0 / 37490365`
*連続ログイン4日目
※ログインが途切れるか、7日到達すると
1日目から再開されます*
`聖晶石 X 1
6月交換券(2024) X 1
`*カルデア・サマーアドベンチャー！ アンケート復刻版 開幕記念 ログインボーナス*
*開催期間中、1日1回 最大21回 ログインボーナスをプレゼント！*
`白銀の果実 X 1
`_2024-06-01 19:35:14_
--------
*338b52c4b212333e75bad46a0955b9ed*
`登陆天数: 18天 / 1439天
等级: 129
石头: 2824
呼符: 0
体力: 81079.09 / 138
友情点: 0 / 51415740`
*連続ログイン4日目
※ログインが途切れるか、7日到達すると
1日目から再開されます*
`聖晶石 X 1
6月交換券(2024) X 1
`*カルデア・サマーアドベンチャー！ アンケート復刻版 開幕記念 ログインボーナス*
*開催期間中、1日1回 最大21回 ログインボーナスをプレゼント！*
`白銀の果実 X 1
`_2024-06-01 19:35:22_
--------
