【登录信息】
*cc576a32534bd10cf11966175ba8340d*
`登陆天数: 31天 / 1460天
等级: 134
石头: 1443
呼符: 1
体力: 45861.276666666665 / 139
友情点: 0 / 37490365`
*連続ログイン3日目
※ログインが途切れるか、7日到達すると
1日目から再開されます*
`叡智の業火 X 1
6月交換券(2024) X 1
`*螺旋証明世界 リリムハーロット ～喝采なき薔薇～ アンケート復刻版
開幕記念 ログインボーナス*
*開催期間中、1日1回 最大21回 ログインボーナスをプレゼント！*
`黄金の果実 X 1
`_2024-06-14 19:34:33_
--------
*338b52c4b212333e75bad46a0955b9ed*
`登陆天数: 31天 / 1452天
等级: 129
石头: 2824
呼符: 0
体力: 84822.95333333334 / 138
友情点: 0 / 51415740`
*連続ログイン3日目
※ログインが途切れるか、7日到達すると
1日目から再開されます*
`叡智の業火 X 1
6月交換券(2024) X 1
`*螺旋証明世界 リリムハーロット ～喝采なき薔薇～ アンケート復刻版
開幕記念 ログインボーナス*
*開催期間中、1日1回 最大21回 ログインボーナスをプレゼント！*
`黄金の果実 X 1
`_2024-06-14 19:34:41_
--------
