【登录信息】
*cc576a32534bd10cf11966175ba8340d*
`登陆天数: 36天 / 1465天
等级: 134
石头: 1443
呼符: 1
体力: 47301.37333333334 / 139
友情点: 0 / 37490365`
*連続ログイン1日目
※ログインが途切れるか、7日到達すると
1日目から再開されます*
`フレンドポイント X 2000
6月交換券(2024) X 1
`*「踊るドラゴン・キャッスル！ ～深海の姫君とふたつの宝玉～」
開幕直前特別ログインボーナス*
*開催期間中、1日1回 最大7回 ログインボーナスをプレゼント！*
`聖晶石 X 1
`_2024-06-19 19:35:02_
--------
*338b52c4b212333e75bad46a0955b9ed*
`登陆天数: 36天 / 1457天
等级: 129
石头: 2824
呼符: 0
体力: 86263.05 / 138
友情点: 0 / 51415750`
*連続ログイン1日目
※ログインが途切れるか、7日到達すると
1日目から再開されます*
`フレンドポイント X 2000
6月交換券(2024) X 1
`*「踊るドラゴン・キャッスル！ ～深海の姫君とふたつの宝玉～」
開幕直前特別ログインボーナス*
*開催期間中、1日1回 最大7回 ログインボーナスをプレゼント！*
`聖晶石 X 1
`_2024-06-19 19:35:11_
--------
