【登录信息】
*cc576a32534bd10cf11966175ba8340d*
`登陆天数: 37天 / 1466天
等级: 134
石头: 1443
呼符: 1
体力: 47589.496666666666 / 139
友情点: 0 / 37490365`
*連続ログイン2日目
※ログインが途切れるか、7日到達すると
1日目から再開されます*
`聖晶石 X 1
6月交換券(2024) X 1
`*「踊るドラゴン・キャッスル！ ～深海の姫君とふたつの宝玉～」
開幕直前特別ログインボーナス*
*開催期間中、1日1回 最大7回 ログインボーナスをプレゼント！*
`黄金の果実 X 1
`_2024-06-20 19:35:39_
--------
*338b52c4b212333e75bad46a0955b9ed*
`登陆天数: 37天 / 1458天
等级: 129
石头: 2824
呼符: 0
体力: 86551.17666666667 / 138
友情点: 0 / 51415750`
*連続ログイン2日目
※ログインが途切れるか、7日到達すると
1日目から再開されます*
`聖晶石 X 1
6月交換券(2024) X 1
`*「踊るドラゴン・キャッスル！ ～深海の姫君とふたつの宝玉～」
開幕直前特別ログインボーナス*
*開催期間中、1日1回 最大7回 ログインボーナスをプレゼント！*
`黄金の果実 X 1
`_2024-06-20 19:35:47_
--------
