【登录信息】
*cc576a32534bd10cf11966175ba8340d*
`登陆天数: 38天 / 1467天
等级: 134
石头: 1443
呼符: 1
体力: 47877.39333333333 / 139
友情点: 0 / 37490365`
*連続ログイン3日目
※ログインが途切れるか、7日到達すると
1日目から再開されます*
`叡智の業火 X 1
6月交換券(2024) X 1
`*幕間の物語キャンペーン 第20弾 特別ログインボーナス*
*開催期間中、1日1回 最大5回 特別ログインボーナスをプレゼント！*
`呼符 X 1
`_2024-06-21 19:35:08_
--------
*338b52c4b212333e75bad46a0955b9ed*
`登陆天数: 38天 / 1459天
等级: 129
石头: 2824
呼符: 0
体力: 86839.07 / 138
友情点: 0 / 51415750`
*連続ログイン3日目
※ログインが途切れるか、7日到達すると
1日目から再開されます*
`叡智の業火 X 1
6月交換券(2024) X 1
`*幕間の物語キャンペーン 第20弾 特別ログインボーナス*
*開催期間中、1日1回 最大5回 特別ログインボーナスをプレゼント！*
`呼符 X 1
`_2024-06-21 19:35:17_
--------
