【登录信息】
*cc576a32534bd10cf11966175ba8340d*
`登陆天数: 41天 / 1470天
等级: 134
石头: 1443
呼符: 1
体力: 48741.416666666664 / 139
友情点: 0 / 37490365`
*連続ログイン6日目
※ログインが途切れるか、7日到達すると
1日目から再開されます*
`聖晶石 X 2
6月交換券(2024) X 1
`*幕間の物語キャンペーン 第20弾 特別ログインボーナス*
*開催期間中、1日1回 最大5回 特別ログインボーナスをプレゼント！*
`呼符 X 1
`_2024-06-24 19:35:15_
--------
*338b52c4b212333e75bad46a0955b9ed*
`登陆天数: 41天 / 1462天
等级: 129
石头: 2824
呼符: 0
体力: 87703.09333333334 / 138
友情点: 0 / 51415750`
*連続ログイン6日目
※ログインが途切れるか、7日到達すると
1日目から再開されます*
`聖晶石 X 2
6月交換券(2024) X 1
`*幕間の物語キャンペーン 第20弾 特別ログインボーナス*
*開催期間中、1日1回 最大5回 特別ログインボーナスをプレゼント！*
`呼符 X 1
`_2024-06-24 19:35:23_
--------
