【登录信息】
*cc576a32534bd10cf11966175ba8340d*
`登陆天数: 42天 / 1471天
等级: 134
石头: 1443
呼符: 1
体力: 49029.276666666665 / 139
友情点: 0 / 37490365`
*連続ログイン7日間到達おめでとうございます！
明日は1日目からリスタートされます。*
`獣の足跡 X 1
呼符 X 1
6月交換券(2024) X 1
`*「踊るドラゴン・キャッスル！ ～深海の姫君とふたつの宝玉～」
開幕直前特別ログインボーナス*
*開催期間中、1日1回 最大7回 ログインボーナスをプレゼント！*
`聖晶石 X 1
`_2024-06-25 19:34:33_
--------
*338b52c4b212333e75bad46a0955b9ed*
`登陆天数: 42天 / 1463天
等级: 129
石头: 2824
呼符: 0
体力: 87990.95333333334 / 138
友情点: 0 / 51415750`
*連続ログイン7日間到達おめでとうございます！
明日は1日目からリスタートされます。*
`獣の足跡 X 1
呼符 X 1
6月交換券(2024) X 1
`*「踊るドラゴン・キャッスル！ ～深海の姫君とふたつの宝玉～」
開幕直前特別ログインボーナス*
*開催期間中、1日1回 最大7回 ログインボーナスをプレゼント！*
`聖晶石 X 1
`_2024-06-25 19:34:41_
--------
