【登录信息】
*cc576a32534bd10cf11966175ba8340d*
`登陆天数: 45天 / 1474天
等级: 134
石头: 1443
呼符: 1
体力: 49893.49333333333 / 139
友情点: 0 / 37490365`
*連続ログイン3日目
※ログインが途切れるか、7日到達すると
1日目から再開されます*
`叡智の業火 X 1
6月交換券(2024) X 1
`*FGO カルデア放送局 ライト版 FGO Fes. 2024＆ゲーム最新情報 放送記念 初回ログインボーナス*
*開催期間中、初回ログインで「聖晶石×14」をプレゼント！*
`聖晶石 X 14
`_2024-06-28 19:35:38_
--------
*338b52c4b212333e75bad46a0955b9ed*
`登陆天数: 45天 / 1466天
等级: 129
石头: 2824
呼符: 0
体力: 88855.17 / 138
友情点: 0 / 51415750`
*連続ログイン3日目
※ログインが途切れるか、7日到達すると
1日目から再開されます*
`叡智の業火 X 1
6月交換券(2024) X 1
`*FGO カルデア放送局 ライト版 FGO Fes. 2024＆ゲーム最新情報 放送記念 初回ログインボーナス*
*開催期間中、初回ログインで「聖晶石×14」をプレゼント！*
`聖晶石 X 14
`_2024-06-28 19:35:46_
--------
