【登录信息】
*cc576a32534bd10cf11966175ba8340d*
`登陆天数: 105天 / 1367天
等级: 131
石头: 1889
呼符: 0
体力: 82.03 / 138
友情点: 0 / 27172910`
*連続ログイン7日間到達おめでとうございます！
明日は1日目からリスタートされます。*
`獣の足跡 X 1
呼符 X 1
9月交換券(2023) X 1
`_2023-08-31 19:32:13_
--------
*338b52c4b212333e75bad46a0955b9ed*
`登陆天数: 20天 / 1366天
等级: 129
石头: 2824
呼符: 0
体力: 1878.4866666666667 / 138
友情点: 1461495 / 38791810`
*連続ログイン6日目
※ログインが途切れるか、7日到達すると
1日目から再開されます*
`聖晶石 X 2
9月交換券(2023) X 1
`*サーヴァント・サマー・フェスティバル2023！開幕記念 ログインボーナス*
*開催期間中、1日1回 最大21回ログインボーナスをプレゼント！*
`白銀の果実 X 1
`_2023-08-31 19:32:22_
--------
