【登录信息】
*cc576a32534bd10cf11966175ba8340d*
`登陆天数: 106天 / 1368天
等级: 131
石头: 1906
呼符: 5
体力: 101.58666666666667 / 138
友情点: 40 / 27173560`
*連続ログイン1日目
※ログインが途切れるか、7日到達すると
1日目から再開されます*
`フレンドポイント X 2000
9月交換券(2023) X 1
`*ハンティングクエスト 第13弾
特別ログインボーナス*
*開催期間中、1日1回 最大7回ログインボーナスをプレゼント！*
`黄金の果実 X 1
`_2023-09-01 19:32:14_
--------
*338b52c4b212333e75bad46a0955b9ed*
`登陆天数: 21天 / 1367天
等级: 129
石头: 2824
呼符: 0
体力: 2166.4933333333333 / 138
友情点: 1294655 / 40086465`
*連続ログイン7日間到達おめでとうございます！
明日は1日目からリスタートされます。*
`獣の足跡 X 1
呼符 X 1
9月交換券(2023) X 1
`*ハンティングクエスト 第13弾
特別ログインボーナス*
*開催期間中、1日1回 最大7回ログインボーナスをプレゼント！*
`黄金の果実 X 1
`_2023-09-01 19:32:23_
--------
