【登录信息】
*cc576a32534bd10cf11966175ba8340d*
`登陆天数: 107天 / 1369天
等级: 131
石头: 1906
呼符: 5
体力: 60.96666666666667 / 138
友情点: 40 / 27173695`
*連続ログイン2日目
※ログインが途切れるか、7日到達すると
1日目から再開されます*
`聖晶石 X 1
9月交換券(2023) X 1
`*ハンティングクエスト 第13弾
特別ログインボーナス*
*開催期間中、1日1回 最大7回ログインボーナスをプレゼント！*
`黄金の果実 X 1
`_2023-09-02 19:32:04_
--------
*338b52c4b212333e75bad46a0955b9ed*
`登陆天数: 22天 / 1368天
等级: 129
石头: 2824
呼符: 0
体力: 2454.4566666666665 / 138
友情点: 1153280 / 41239745`
*連続ログイン1日目
※ログインが途切れるか、7日到達すると
1日目から再開されます*
`フレンドポイント X 2000
9月交換券(2023) X 1
`*ハンティングクエスト 第13弾
特別ログインボーナス*
*開催期間中、1日1回 最大7回ログインボーナスをプレゼント！*
`黄金の果実 X 1
`_2023-09-02 19:32:12_
--------
