【登录信息】
*cc576a32534bd10cf11966175ba8340d*
`登陆天数: 108天 / 1370天
等级: 132
石头: 2042
呼符: 5
体力: 186.13666666666666 / 138
友情点: 93270 / 27269395`
*連続ログイン3日目
※ログインが途切れるか、7日到達すると
1日目から再開されます*
`叡智の業火 X 1
9月交換券(2023) X 1
`*ハンティングクエスト 第13弾
特別ログインボーナス*
*開催期間中、1日1回 最大7回ログインボーナスをプレゼント！*
`黄金の果実 X 1
`_2023-09-03 19:32:05_
--------
*338b52c4b212333e75bad46a0955b9ed*
`登陆天数: 23天 / 1369天
等级: 129
石头: 2824
呼符: 0
体力: 2742.463333333333 / 138
友情点: 159410 / 41399155`
*連続ログイン2日目
※ログインが途切れるか、7日到達すると
1日目から再開されます*
`聖晶石 X 1
9月交換券(2023) X 1
`*ハンティングクエスト 第13弾
特別ログインボーナス*
*開催期間中、1日1回 最大7回ログインボーナスをプレゼント！*
`黄金の果実 X 1
`_2023-09-03 19:32:14_
--------
