【登录信息】
*cc576a32534bd10cf11966175ba8340d*
`登陆天数: 109天 / 1371天
等级: 132
石头: 2042
呼符: 5
体力: 133.28 / 138
友情点: 60 / 27733390`
*連続ログイン4日目
※ログインが途切れるか、7日到達すると
1日目から再開されます*
`聖晶石 X 1
9月交換券(2023) X 1
`*ハンティングクエスト 第13弾
特別ログインボーナス*
*開催期間中、1日1回 最大7回ログインボーナスをプレゼント！*
`黄金の果実 X 1
`_2023-09-04 19:32:11_
--------
*338b52c4b212333e75bad46a0955b9ed*
`登陆天数: 24天 / 1370天
等级: 129
石头: 2824
呼符: 0
体力: 3030.48 / 138
友情点: 608730 / 42007885`
*連続ログイン3日目
※ログインが途切れるか、7日到達すると
1日目から再開されます*
`叡智の業火 X 1
9月交換券(2023) X 1
`*ハンティングクエスト 第13弾
特別ログインボーナス*
*開催期間中、1日1回 最大7回ログインボーナスをプレゼント！*
`黄金の果実 X 1
`_2023-09-04 19:32:19_
--------
