【登录信息】
*cc576a32534bd10cf11966175ba8340d*
`登陆天数: 110天 / 1372天
等级: 132
石头: 2046
呼符: 5
体力: 81.13 / 138
友情点: 182790 / 28491290`
*連続ログイン5日目
※ログインが途切れるか、7日到達すると
1日目から再開されます*
`叡智の業火 X 2
9月交換券(2023) X 1
`*ハンティングクエスト 第13弾
特別ログインボーナス*
*開催期間中、1日1回 最大7回ログインボーナスをプレゼント！*
`黄金の果実 X 1
`_2023-09-05 19:32:04_
--------
*338b52c4b212333e75bad46a0955b9ed*
`登陆天数: 25天 / 1371天
等级: 129
石头: 2824
呼符: 0
体力: 3318.4566666666665 / 138
友情点: 865560 / 42873445`
*連続ログイン4日目
※ログインが途切れるか、7日到達すると
1日目から再開されます*
`聖晶石 X 1
9月交換券(2023) X 1
`*ハンティングクエスト 第13弾
特別ログインボーナス*
*開催期間中、1日1回 最大7回ログインボーナスをプレゼント！*
`黄金の果実 X 1
`_2023-09-05 19:32:12_
--------
