【登录信息】
*cc576a32534bd10cf11966175ba8340d*
`登陆天数: 111天 / 1373天
等级: 132
石头: 2049
呼符: 0
体力: 75.99000000000001 / 138
友情点: 82250 / 29234250`
*連続ログイン6日目
※ログインが途切れるか、7日到達すると
1日目から再開されます*
`聖晶石 X 2
9月交換券(2023) X 1
`*ハンティングクエスト 第13弾
特別ログインボーナス*
*開催期間中、1日1回 最大7回ログインボーナスをプレゼント！*
`黄金の果実 X 1
`_2023-09-06 19:32:06_
--------
*338b52c4b212333e75bad46a0955b9ed*
`登陆天数: 26天 / 1372天
等级: 129
石头: 2824
呼符: 0
体力: 3606.4666666666667 / 138
友情点: 866930 / 43740375`
*連続ログイン5日目
※ログインが途切れるか、7日到達すると
1日目から再開されます*
`叡智の業火 X 2
9月交換券(2023) X 1
`*ハンティングクエスト 第13弾
特別ログインボーナス*
*開催期間中、1日1回 最大7回ログインボーナスをプレゼント！*
`黄金の果実 X 1
`_2023-09-06 19:32:15_
--------
