【登录信息】
*cc576a32534bd10cf11966175ba8340d*
`登陆天数: 112天 / 1374天
等级: 132
石头: 2051
呼符: 0
体力: 80.77666666666667 / 138
友情点: 8000 / 29458225`
*連続ログイン7日間到達おめでとうございます！
明日は1日目からリスタートされます。*
`獣の足跡 X 1
呼符 X 1
9月交換券(2023) X 1
`_2023-09-07 19:32:13_
--------
*338b52c4b212333e75bad46a0955b9ed*
`登陆天数: 27天 / 1373天
等级: 129
石头: 2824
呼符: 0
体力: 3894.4866666666667 / 138
友情点: 174020 / 43914395`
*連続ログイン6日目
※ログインが途切れるか、7日到達すると
1日目から再開されます*
`聖晶石 X 2
9月交換券(2023) X 1
`*ハンティングクエスト 第13弾
特別ログインボーナス*
*開催期間中、1日1回 最大7回ログインボーナスをプレゼント！*
`黄金の果実 X 1
`_2023-09-07 19:32:21_
--------
