【登录信息】
*cc576a32534bd10cf11966175ba8340d*
`登陆天数: 119天 / 1381天
等级: 133
石头: 2097
呼符: 0
体力: 86.18666666666667 / 139
友情点: 60120 / 31061655`
*連続ログイン7日間到達おめでとうございます！
明日は1日目からリスタートされます。*
`獣の足跡 X 1
呼符 X 1
9月交換券(2023) X 1
`*日替りログインボーナス*
*開催期間中、1日1回 2週間日替りでログインボーナスをプレゼント！*
`巡霊の葉 X 30
`_2023-09-14 19:32:14_
--------
*338b52c4b212333e75bad46a0955b9ed*
`登陆天数: 34天 / 1380天
等级: 129
石头: 2824
呼符: 0
体力: 5910.486666666667 / 138
友情点: 772940 / 45585375`
*連続ログイン6日目
※ログインが途切れるか、7日到達すると
1日目から再開されます*
`聖晶石 X 2
9月交換券(2023) X 1
`*日替りログインボーナス*
*開催期間中、1日1回 2週間日替りでログインボーナスをプレゼント！*
`巡霊の葉 X 30
`_2023-09-14 19:32:22_
--------
