【登录信息】
*cc576a32534bd10cf11966175ba8340d*
`登陆天数: 120天 / 1382天
等级: 133
石头: 2097
呼符: 0
体力: 85.04333333333334 / 139
友情点: 7230 / 31258690`
*連続ログイン1日目
※ログインが途切れるか、7日到達すると
1日目から再開されます*
`フレンドポイント X 2000
9月交換券(2023) X 1
`*日替りログインボーナス*
*開催期間中、1日1回 2週間日替りでログインボーナスをプレゼント！*
`聖晶石 X 2
巡霊の葉 X 100
`_2023-09-15 19:32:02_
--------
*338b52c4b212333e75bad46a0955b9ed*
`登陆天数: 35天 / 1381天
等级: 129
石头: 2824
呼符: 0
体力: 6198.453333333333 / 138
友情点: 168650 / 45754025`
*連続ログイン7日間到達おめでとうございます！
明日は1日目からリスタートされます。*
`獣の足跡 X 1
呼符 X 1
9月交換券(2023) X 1
`*日替りログインボーナス*
*開催期間中、1日1回 2週間日替りでログインボーナスをプレゼント！*
`聖晶石 X 2
巡霊の葉 X 100
`_2023-09-15 19:32:11_
--------
