【登录信息】
*cc576a32534bd10cf11966175ba8340d*
`登陆天数: 121天 / 1383天
等级: 133
石头: 2099
呼符: 0
体力: 83.43 / 139
友情点: 120 / 31261165`
*連続ログイン2日目
※ログインが途切れるか、7日到達すると
1日目から再開されます*
`聖晶石 X 1
9月交換券(2023) X 1
`*日替りログインボーナス*
*開催期間中、1日1回 2週間日替りでログインボーナスをプレゼント！*
`巡霊の葉 X 30
`_2023-09-16 19:31:52_
--------
*338b52c4b212333e75bad46a0955b9ed*
`登陆天数: 36天 / 1382天
等级: 129
石头: 2824
呼符: 0
体力: 6486.423333333333 / 138
友情点: 110 / 45754135`
*連続ログイン1日目
※ログインが途切れるか、7日到達すると
1日目から再開されます*
`フレンドポイント X 2000
9月交換券(2023) X 1
`*日替りログインボーナス*
*開催期間中、1日1回 2週間日替りでログインボーナスをプレゼント！*
`巡霊の葉 X 30
`_2023-09-16 19:32:01_
--------
