【登录信息】
*cc576a32534bd10cf11966175ba8340d*
`登陆天数: 122天 / 1384天
等级: 133
石头: 2100
呼符: 0
体力: 100.92 / 139
友情点: 60 / 31261900`
*連続ログイン3日目
※ログインが途切れるか、7日到達すると
1日目から再開されます*
`叡智の業火 X 1
9月交換券(2023) X 1
`*日替りログインボーナス*
*開催期間中、1日1回 2週間日替りでログインボーナスをプレゼント！*
`巡霊の葉 X 30
`_2023-09-17 19:31:54_
--------
*338b52c4b212333e75bad46a0955b9ed*
`登陆天数: 37天 / 1383天
等级: 129
石头: 2824
呼符: 0
体力: 6774.423333333333 / 138
友情点: 90 / 45754225`
*連続ログイン2日目
※ログインが途切れるか、7日到達すると
1日目から再開されます*
`聖晶石 X 1
9月交換券(2023) X 1
`*日替りログインボーナス*
*開催期間中、1日1回 2週間日替りでログインボーナスをプレゼント！*
`巡霊の葉 X 30
`_2023-09-17 19:32:02_
--------
