【登录信息】
*cc576a32534bd10cf11966175ba8340d*
`登陆天数: 124天 / 1386天
等级: 133
石头: 2114
呼符: 0
体力: 81.53333333333333 / 139
友情点: 80 / 31262835`
*連続ログイン5日目
※ログインが途切れるか、7日到達すると
1日目から再開されます*
`叡智の業火 X 2
9月交換券(2023) X 1
`*日替りログインボーナス*
*開催期間中、1日1回 2週間日替りでログインボーナスをプレゼント！*
`聖晶石 X 3
巡霊の葉 X 50
`_2023-09-19 19:31:56_
--------
*338b52c4b212333e75bad46a0955b9ed*
`登陆天数: 39天 / 1385天
等级: 129
石头: 2824
呼符: 0
体力: 7350.43 / 138
友情点: 130 / 45754495`
*連続ログイン4日目
※ログインが途切れるか、7日到達すると
1日目から再開されます*
`聖晶石 X 1
9月交換券(2023) X 1
`*日替りログインボーナス*
*開催期間中、1日1回 2週間日替りでログインボーナスをプレゼント！*
`聖晶石 X 3
巡霊の葉 X 50
`_2023-09-19 19:32:04_
--------
