【登录信息】
*cc576a32534bd10cf11966175ba8340d*
`登陆天数: 126天 / 1388天
等级: 133
石头: 2127
呼符: 0
体力: 70.84666666666666 / 139
友情点: 0 / 31264470`
*連続ログイン7日間到達おめでとうございます！
明日は1日目からリスタートされます。*
`獣の足跡 X 1
呼符 X 1
9月交換券(2023) X 1
`*日替りログインボーナス*
*開催期間中、1日1回 2週間日替りでログインボーナスをプレゼント！*
`巡霊の葉 X 30
`_2023-09-21 19:32:11_
--------
*338b52c4b212333e75bad46a0955b9ed*
`登陆天数: 41天 / 1387天
等级: 129
石头: 2824
呼符: 0
体力: 7926.48 / 138
友情点: 110 / 45754735`
*連続ログイン6日目
※ログインが途切れるか、7日到達すると
1日目から再開されます*
`聖晶石 X 2
9月交換券(2023) X 1
`*日替りログインボーナス*
*開催期間中、1日1回 2週間日替りでログインボーナスをプレゼント！*
`巡霊の葉 X 30
`_2023-09-21 19:32:20_
--------
