【登录信息】
*cc576a32534bd10cf11966175ba8340d*
`登陆天数: 127天 / 1389天
等级: 133
石头: 2127
呼符: 0
体力: 77.4 / 139
友情点: 40 / 31264885`
*連続ログイン1日目
※ログインが途切れるか、7日到達すると
1日目から再開されます*
`フレンドポイント X 2000
9月交換券(2023) X 1
`*日替りログインボーナス*
*開催期間中、1日1回 2週間日替りでログインボーナスをプレゼント！*
`聖晶石 X 2
巡霊の葉 X 100
`_2023-09-22 19:32:05_
--------
*338b52c4b212333e75bad46a0955b9ed*
`登陆天数: 42天 / 1388天
等级: 129
石头: 2824
呼符: 0
体力: 8214.463333333333 / 138
友情点: 20 / 45754755`
*連続ログイン7日間到達おめでとうございます！
明日は1日目からリスタートされます。*
`獣の足跡 X 1
呼符 X 1
9月交換券(2023) X 1
`*日替りログインボーナス*
*開催期間中、1日1回 2週間日替りでログインボーナスをプレゼント！*
`聖晶石 X 2
巡霊の葉 X 100
`_2023-09-22 19:32:14_
--------
