【登录信息】
*cc576a32534bd10cf11966175ba8340d*
`登陆天数: 128天 / 1390天
等级: 133
石头: 2133
呼符: 0
体力: 46.05 / 139
友情点: 40 / 31268305`
*連続ログイン2日目
※ログインが途切れるか、7日到達すると
1日目から再開されます*
`聖晶石 X 1
9月交換券(2023) X 1
`*日替りログインボーナス*
*開催期間中、1日1回 2週間日替りでログインボーナスをプレゼント！*
`巡霊の葉 X 30
`_2023-09-23 19:32:09_
--------
*338b52c4b212333e75bad46a0955b9ed*
`登陆天数: 43天 / 1389天
等级: 129
石头: 2824
呼符: 0
体力: 8502.473333333333 / 138
友情点: 150 / 45754905`
*連続ログイン1日目
※ログインが途切れるか、7日到達すると
1日目から再開されます*
`フレンドポイント X 2000
9月交換券(2023) X 1
`*日替りログインボーナス*
*開催期間中、1日1回 2週間日替りでログインボーナスをプレゼント！*
`巡霊の葉 X 30
`_2023-09-23 19:32:17_
--------
