【登录信息】
*cc576a32534bd10cf11966175ba8340d*
`登陆天数: 130天 / 1392天
等级: 133
石头: 2138
呼符: 0
体力: 57.013333333333335 / 139
友情点: 120 / 31267245`
*連続ログイン4日目
※ログインが途切れるか、7日到達すると
1日目から再開されます*
`聖晶石 X 1
9月交換券(2023) X 1
`*日替りログインボーナス*
*開催期間中、1日1回 2週間日替りでログインボーナスをプレゼント！*
`巡霊の葉 X 30
`_2023-09-25 19:32:05_
--------
*338b52c4b212333e75bad46a0955b9ed*
`登陆天数: 45天 / 1391天
等级: 129
石头: 2824
呼符: 0
体力: 9078.46 / 138
友情点: 110 / 45755175`
*連続ログイン3日目
※ログインが途切れるか、7日到達すると
1日目から再開されます*
`叡智の業火 X 1
9月交換券(2023) X 1
`*日替りログインボーナス*
*開催期間中、1日1回 2週間日替りでログインボーナスをプレゼント！*
`巡霊の葉 X 30
`_2023-09-25 19:32:13_
--------
