【登录信息】
*cc576a32534bd10cf11966175ba8340d*
`登陆天数: 131天 / 1393天
等级: 133
石头: 2139
呼符: 0
体力: 73.58 / 139
友情点: 80 / 31267820`
*連続ログイン5日目
※ログインが途切れるか、7日到達すると
1日目から再開されます*
`叡智の業火 X 2
9月交換券(2023) X 1
`*日替りログインボーナス*
*開催期間中、1日1回 2週間日替りでログインボーナスをプレゼント！*
`聖晶石 X 3
巡霊の葉 X 50
`_2023-09-26 19:31:55_
--------
*338b52c4b212333e75bad46a0955b9ed*
`登陆天数: 46天 / 1392天
等级: 129
石头: 2824
呼符: 0
体力: 9366.426666666666 / 138
友情点: 220 / 45755395`
*連続ログイン4日目
※ログインが途切れるか、7日到達すると
1日目から再開されます*
`聖晶石 X 1
9月交換券(2023) X 1
`*日替りログインボーナス*
*開催期間中、1日1回 2週間日替りでログインボーナスをプレゼント！*
`聖晶石 X 3
巡霊の葉 X 50
`_2023-09-26 19:32:03_
--------
