【登录信息】
*cc576a32534bd10cf11966175ba8340d*
`登陆天数: 133天 / 1395天
等级: 133
石头: 2144
呼符: 0
体力: 82.61666666666667 / 139
友情点: 0 / 30949310`
*連続ログイン7日間到達おめでとうございます！
明日は1日目からリスタートされます。*
`獣の足跡 X 1
呼符 X 1
9月交換券(2023) X 1
`*ワンジナ・ワールドツアー！ ～大精霊と巡る世界一周～開幕記念 ログインボーナス*
*開催期間中、1日1回 最大21回ログインボーナスをプレゼント！*
`白銀の果実 X 1
`_2023-09-28 19:32:11_
--------
*338b52c4b212333e75bad46a0955b9ed*
`登陆天数: 48天 / 1394天
等级: 129
石头: 2824
呼符: 0
体力: 9942.48 / 138
友情点: 30 / 45755525`
*連続ログイン6日目
※ログインが途切れるか、7日到達すると
1日目から再開されます*
`聖晶石 X 2
9月交換券(2023) X 1
`*「Fate/Samurai Remnant」発売記念 特別ログインボーナス*
*開催期間中、初回ログインで「限定概念礼装」をプレゼント！*
`Samurai Remnant X 1
`_2023-09-28 19:32:19_
--------
