【登录信息】
*cc576a32534bd10cf11966175ba8340d*
`登陆天数: 134天 / 1396天
等级: 133
石头: 2144
呼符: 0
体力: 71.02666666666667 / 139
友情点: 80 / 30949590`
*連続ログイン1日目
※ログインが途切れるか、7日到達すると
1日目から再開されます*
`フレンドポイント X 2000
9月交換券(2023) X 1
`*ワンジナ・ワールドツアー！ ～大精霊と巡る世界一周～開幕記念 ログインボーナス*
*開催期間中、1日1回 最大21回ログインボーナスをプレゼント！*
`白銀の果実 X 1
`_2023-09-29 19:31:58_
--------
*338b52c4b212333e75bad46a0955b9ed*
`登陆天数: 49天 / 1395天
等级: 129
石头: 2824
呼符: 0
体力: 10230.436666666666 / 138
友情点: 40 / 45755565`
*連続ログイン7日間到達おめでとうございます！
明日は1日目からリスタートされます。*
`獣の足跡 X 1
呼符 X 1
9月交換券(2023) X 1
`*ワンジナ・ワールドツアー！ ～大精霊と巡る世界一周～開幕記念 ログインボーナス*
*開催期間中、1日1回 最大21回ログインボーナスをプレゼント！*
`白銀の果実 X 1
`_2023-09-29 19:32:07_
--------
